C51 COMPILER V7.20   BEEP                                                                  05/08/2007 12:58:49 PAGE 1   


C51 COMPILER V7.20, COMPILATION OF MODULE BEEP
OBJECT MODULE PLACED IN BEEP.OBJ
COMPILER INVOKED BY: D:\Program Files\Keil\uVision3\C51\BIN\C51.EXE BEEP.c BROWSE DEBUG OBJECTEXTEND CODE NOCOND

line level    source

   1          #include "BEEP.H"
   2          #include "DELAY.H"
   3          
   4          void Beep( unsigned int ms )
   5          {
   6   1              BEEP_BIT = 0;
   7   1              delay_ms( ms );
   8   1              BEEP_BIT = 1;
   9   1      }
  10          
C51 COMPILER V7.20   BEEP                                                                  05/08/2007 12:58:49 PAGE 2   

ASSEMBLY LISTING OF GENERATED OBJECT CODE


             ; FUNCTION _Beep (BEGIN)
                                           ; SOURCE LINE # 4
;---- Variable 'ms' assigned to Register 'R6/R7' ----
                                           ; SOURCE LINE # 5
                                           ; SOURCE LINE # 6
0000 C294              CLR     SS
                                           ; SOURCE LINE # 7
0002 120000      E     LCALL   _delay_ms
                                           ; SOURCE LINE # 8
0005 D294              SETB    SS
                                           ; SOURCE LINE # 9
0007 22                RET     
             ; FUNCTION _Beep (END)



MODULE INFORMATION:   STATIC OVERLAYABLE
   CODE SIZE        =      8    ----
   CONSTANT SIZE    =   ----    ----
   XDATA SIZE       =   ----    ----
   PDATA SIZE       =   ----    ----
   DATA SIZE        =   ----    ----
   IDATA SIZE       =   ----    ----
   BIT SIZE         =   ----    ----
END OF MODULE INFORMATION.


C51 COMPILATION COMPLETE.  0 WARNING(S),  0 ERROR(S)
