2024-03-02 14:35:11,880 [INFO] Activator:176 - 


2024-03-02 14:35:11,883 [INFO] Activator:177 - !SESSION log4j initialized
2024-03-02 14:35:14,794 [INFO] LogOutputStream:77 - [STDOUT_REDIRECT] 
2024-03-02 14:35:18,117 [INFO] ApplicationProperties:184 - Using Application install path: C:\ST\STM32CubeIDE_1.14.1\STM32CubeIDE\plugins\com.st.stm32cube.common.mx_6.10.0.202311202037
2024-03-02 14:35:18,143 [INFO] DbMcusXml:78 - Set database path to: C:\ST\STM32CubeIDE_1.14.1\STM32CubeIDE\plugins\com.st.stm32cube.common.mx_6.10.0.202311202037\\db\/mcu/
2024-03-02 14:35:18,143 [INFO] ApiDb:274 - Set plugin database path to: C:\ST\STM32CubeIDE_1.14.1\STM32CubeIDE\plugins\com.st.stm32cube.common.mx_6.10.0.202311202037\\db\/plugins/boardmanager/
2024-03-02 14:35:18,144 [WARN] ApiDb:259 - Overriding images path with different value:  => C:\ST\STM32CubeIDE_1.14.1\STM32CubeIDE\plugins\com.st.stm32cube.common.mx_6.10.0.202311202037\\db\/plugins/mcufinder/images/
2024-03-02 14:35:18,154 [INFO] ApiDb:250 - Set database path to: C:\Users\Константин\.stmcufinder\plugins\mcufinder//mcu/
2024-03-02 14:35:18,156 [INFO] DbMcusAds:125 - Set database path to: C:\Users\Константин\.stmcufinder\plugins\mcufinder//mcu/
2024-03-02 14:35:18,160 [INFO] CrossReferenceDbSqlite:203 - Set database path to: C:\Users\Константин\.stmcufinder\plugins\mcufinder//mcu/cs/
2024-03-02 14:35:18,355 [INFO] RulesReader:64 - Compatibility file has been processed (297 Rules)
2024-03-02 14:35:18,596 [INFO] McuFinderGlobals:63 - Set McuFinder mode to 2 (CubeIDE integrated)
2024-03-02 14:35:18,694 [INFO] DbMcusXml:78 - Set database path to: C:\ST\STM32CubeIDE_1.14.1\STM32CubeIDE\plugins\com.st.stm32cube.common.mx_6.10.0.202311202037\\db\/mcu/
2024-03-02 14:35:18,695 [INFO] ApiDb:274 - Set plugin database path to: C:\ST\STM32CubeIDE_1.14.1\STM32CubeIDE\plugins\com.st.stm32cube.common.mx_6.10.0.202311202037\\db\/plugins/boardmanager/
2024-03-02 14:35:18,695 [INFO] ApiDb:261 - Set plugin images path to: C:\ST\STM32CubeIDE_1.14.1\STM32CubeIDE\plugins\com.st.stm32cube.common.mx_6.10.0.202311202037\\db\/plugins/mcufinder/images/
2024-03-02 14:35:18,695 [WARN] DbFile:41 - Overriding database path with different value: C:\Users\Константин\.stmcufinder\plugins\mcufinder/ => C:\Users\Константин\.stmcufinder\plugins\mcufinder
2024-03-02 14:35:18,696 [INFO] ApiDb:250 - Set database path to: C:\Users\Константин\.stmcufinder\plugins\mcufinder//mcu/
2024-03-02 14:35:18,696 [WARN] DbFile:41 - Overriding database path with different value: C:\Users\Константин\.stmcufinder\plugins\mcufinder/ => C:\Users\Константин\.stmcufinder\plugins\mcufinder
2024-03-02 14:35:18,696 [INFO] DbMcusAds:125 - Set database path to: C:\Users\Константин\.stmcufinder\plugins\mcufinder//mcu/
2024-03-02 14:35:18,696 [WARN] DbFile:41 - Overriding database path with different value: C:\Users\Константин\.stmcufinder\plugins\mcufinder/ => C:\Users\Константин\.stmcufinder\plugins\mcufinder
2024-03-02 14:35:18,697 [WARN] DbFile:41 - Overriding database path with different value: C:\Users\Константин\.stmcufinder\plugins\mcufinder/ => C:\Users\Константин\.stmcufinder\plugins\mcufinder
2024-03-02 14:35:18,697 [INFO] CrossReferenceDbSqlite:203 - Set database path to: C:\Users\Константин\.stmcufinder\plugins\mcufinder//mcu/cs/
2024-03-02 14:35:18,810 [INFO] MainPanel:264 - HeapMemory: 268435456
2024-03-02 14:35:18,928 [INFO] DbMcusXml:78 - Set database path to: C:\ST\STM32CubeIDE_1.14.1\STM32CubeIDE\plugins\com.st.stm32cube.common.mx_6.10.0.202311202037\\db\/mcu/
2024-03-02 14:35:18,929 [INFO] ApiDb:274 - Set plugin database path to: C:\ST\STM32CubeIDE_1.14.1\STM32CubeIDE\plugins\com.st.stm32cube.common.mx_6.10.0.202311202037\\db\/plugins/boardmanager/
2024-03-02 14:35:18,929 [INFO] ApiDb:261 - Set plugin images path to: C:\ST\STM32CubeIDE_1.14.1\STM32CubeIDE\plugins\com.st.stm32cube.common.mx_6.10.0.202311202037\\db\/plugins/mcufinder/images/
2024-03-02 14:35:18,930 [WARN] DbFile:41 - Overriding database path with different value: C:\Users\Константин\.stmcufinder\plugins\mcufinder/ => C:\Users\Константин\.stmcufinder\plugins\mcufinder
2024-03-02 14:35:18,930 [INFO] ApiDb:250 - Set database path to: C:\Users\Константин\.stmcufinder\plugins\mcufinder//mcu/
2024-03-02 14:35:18,930 [WARN] DbFile:41 - Overriding database path with different value: C:\Users\Константин\.stmcufinder\plugins\mcufinder/ => C:\Users\Константин\.stmcufinder\plugins\mcufinder
2024-03-02 14:35:18,930 [INFO] DbMcusAds:125 - Set database path to: C:\Users\Константин\.stmcufinder\plugins\mcufinder//mcu/
2024-03-02 14:35:18,931 [WARN] DbFile:41 - Overriding database path with different value: C:\Users\Константин\.stmcufinder\plugins\mcufinder/ => C:\Users\Константин\.stmcufinder\plugins\mcufinder
2024-03-02 14:35:18,931 [WARN] DbFile:41 - Overriding database path with different value: C:\Users\Константин\.stmcufinder\plugins\mcufinder/ => C:\Users\Константин\.stmcufinder\plugins\mcufinder
2024-03-02 14:35:18,931 [INFO] CrossReferenceDbSqlite:203 - Set database path to: C:\Users\Константин\.stmcufinder\plugins\mcufinder//mcu/cs/
2024-03-02 14:35:18,959 [INFO] ApplicationProperties:184 - Using Application install path: C:\ST\STM32CubeIDE_1.14.1\STM32CubeIDE\plugins\com.st.stm32cube.common.mx_6.10.0.202311202037
2024-03-02 14:35:18,961 [INFO] PluginManage:196 - Search for loadable plugins [exclusion list=, ]
2024-03-02 14:35:18,962 [INFO] PluginManage:310 - Check plugin analytics
2024-03-02 14:35:19,237 [INFO] AnalyticsPlugin:253 - Accepted Software Licenses: 
2024-03-02 14:35:19,238 [INFO] AnalyticsPlugin:255 - Accepted CMSIS Pack Licenses: 
2024-03-02 14:35:19,238 [INFO] AnalyticsPlugin:257 - Accepted Firmware Licenses: 
2024-03-02 14:35:19,242 [INFO] PluginManage:359 - Loaded plugin analytics (category:tool,tabindex:-1)
2024-03-02 14:35:19,243 [INFO] PluginManage:310 - Check plugin cadmodel
2024-03-02 14:35:19,253 [INFO] CADModel:105 - Init CAD model plugin
2024-03-02 14:35:19,254 [INFO] PluginManage:359 - Loaded plugin cadmodel (category:power,tabindex:5)
2024-03-02 14:35:19,254 [INFO] PluginManage:310 - Check plugin clock
2024-03-02 14:35:19,267 [INFO] PluginManage:359 - Loaded plugin clock (category:base,tabindex:2)
2024-03-02 14:35:19,267 [INFO] PluginManage:310 - Check plugin ddr
2024-03-02 14:35:19,270 [INFO] PluginManage:359 - Loaded plugin ddr (category:tool,tabindex:6)
2024-03-02 14:35:19,270 [INFO] PluginManage:310 - Check plugin filemanager
2024-03-02 14:35:19,468 [INFO] PluginManage:359 - Loaded plugin filemanager (category:base,tabindex:10)
2024-03-02 14:35:19,468 [INFO] PluginManage:310 - Check plugin ipmanager
2024-03-02 14:35:19,478 [INFO] PluginManage:359 - Loaded plugin ipmanager (category:base,tabindex:5)
2024-03-02 14:35:19,478 [INFO] PluginManage:310 - Check plugin lpbam
2024-03-02 14:35:19,490 [INFO] PluginManage:359 - Loaded plugin lpbam (category:base,tabindex:0)
2024-03-02 14:35:19,490 [INFO] PluginManage:310 - Check plugin memorymap
2024-03-02 14:35:19,503 [INFO] PluginManage:359 - Loaded plugin memorymap (category:base,tabindex:4)
2024-03-02 14:35:19,504 [INFO] PluginManage:310 - Check plugin pinoutandconfiguration
2024-03-02 14:35:19,513 [INFO] PluginManage:359 - Loaded plugin pinoutandconfiguration (category:base,tabindex:1)
2024-03-02 14:35:19,513 [INFO] PluginManage:310 - Check plugin pinoutconfig
2024-03-02 14:35:19,645 [WARN] SupportedApi:132 - Cannot load RTOS API schema: s4s-elt-must-match.1: The content of 'definitions' must match (annotation?, (simpleType | complexType)?, (unique | key | keyref)*)). A problem was found starting at: attribute.
2024-03-02 14:35:19,835 [INFO] PluginManage:359 - Loaded plugin pinoutconfig (category:base,tabindex:0)
2024-03-02 14:35:19,835 [INFO] PluginManage:310 - Check plugin power
2024-03-02 14:35:19,853 [INFO] PluginManage:359 - Loaded plugin power (category:power,tabindex:4)
2024-03-02 14:35:19,853 [INFO] PluginManage:310 - Check plugin projectmanager
2024-03-02 14:35:19,882 [INFO] PluginManage:359 - Loaded plugin projectmanager (category:projectmanager,tabindex:3)
2024-03-02 14:35:19,883 [INFO] PluginManage:310 - Check plugin thirdparty
2024-03-02 14:35:20,059 [INFO] PluginManage:359 - Loaded plugin thirdparty (category:base,tabindex:-1)
2024-03-02 14:35:20,059 [INFO] PluginManage:310 - Check plugin tools
2024-03-02 14:35:20,059 [WARN] IntegrityCheckThread:84 - waiting for thirdparty lock release [integrity check]
2024-03-02 14:35:20,060 [INFO] IntegrityCheckThread:86 - entering critical section [integrity check]
2024-03-02 14:35:20,060 [INFO] ThirdPartyUpdaterWithRetryManager:70 - Updater plugin not ready yet. [1/15]
2024-03-02 14:35:20,063 [INFO] PluginManage:359 - Loaded plugin tools (category:base,tabindex:7)
2024-03-02 14:35:20,063 [INFO] PluginManage:310 - Check plugin tutovideos
2024-03-02 14:35:20,283 [INFO] PluginManage:359 - Loaded plugin tutovideos (category:base,tabindex:-1)
2024-03-02 14:35:20,284 [INFO] PluginManage:310 - Check plugin updater
2024-03-02 14:35:20,297 [INFO] PluginManage:359 - Loaded plugin updater (category:base,tabindex:12)
2024-03-02 14:35:20,298 [INFO] PluginManage:310 - Check plugin userauth
2024-03-02 14:35:20,304 [INFO] UserAuth:114 - Init User Auth plugin
2024-03-02 14:35:20,304 [INFO] PluginManage:359 - Loaded plugin userauth (category:base,tabindex:14)
2024-03-02 14:35:20,305 [INFO] PluginManage:283 - PluginManage : Loaded plugins [17]
2024-03-02 14:35:20,585 [INFO] PinOutPanel:1499 - setPackage(No Configuration,No Configuration)
2024-03-02 14:35:20,690 [INFO] CADModel:165 - CPN selected for project level
2024-03-02 14:35:20,690 [INFO] CADModel:114 - Register for checkConnection events
2024-03-02 14:35:20,709 [INFO] IPUIPlugin:80 - create IPUIPlugin
2024-03-02 14:35:20,709 [INFO] PluginManager:220 - loadIPPluginJar : add adc
2024-03-02 14:35:20,712 [INFO] IPUIPlugin:80 - create IPUIPlugin
2024-03-02 14:35:20,713 [INFO] PluginManager:220 - loadIPPluginJar : add aes
2024-03-02 14:35:20,716 [INFO] IPUIPlugin:80 - create IPUIPlugin
2024-03-02 14:35:20,716 [INFO] PluginManager:220 - loadIPPluginJar : add can
2024-03-02 14:35:20,718 [INFO] IPUIPlugin:80 - create IPUIPlugin
2024-03-02 14:35:20,718 [INFO] PluginManager:220 - loadIPPluginJar : add comp
2024-03-02 14:35:20,721 [INFO] IPUIPlugin:80 - create IPUIPlugin
2024-03-02 14:35:20,721 [INFO] PluginManager:220 - loadIPPluginJar : add cryp
2024-03-02 14:35:20,724 [INFO] IPUIPlugin:80 - create IPUIPlugin
2024-03-02 14:35:20,724 [INFO] PluginManager:220 - loadIPPluginJar : add dfsdm
2024-03-02 14:35:20,731 [INFO] IPUIPlugin:80 - create IPUIPlugin
2024-03-02 14:35:20,732 [INFO] PluginManager:220 - loadIPPluginJar : add dma
2024-03-02 14:35:20,736 [INFO] IPUIPlugin:80 - create IPUIPlugin
2024-03-02 14:35:20,736 [INFO] PluginManager:220 - loadIPPluginJar : add dma3
2024-03-02 14:35:20,738 [INFO] IPUIPlugin:80 - create IPUIPlugin
2024-03-02 14:35:20,738 [INFO] PluginManager:220 - loadIPPluginJar : add fatfs
2024-03-02 14:35:20,744 [INFO] IPUIPlugin:80 - create IPUIPlugin
2024-03-02 14:35:20,744 [INFO] PluginManager:220 - loadIPPluginJar : add fmc
2024-03-02 14:35:20,752 [INFO] IPUIPlugin:80 - create IPUIPlugin
2024-03-02 14:35:20,753 [INFO] PluginManager:220 - loadIPPluginJar : add freertos
2024-03-02 14:35:20,755 [INFO] IPUIPlugin:80 - create IPUIPlugin
2024-03-02 14:35:20,755 [INFO] PluginManager:220 - loadIPPluginJar : add genericplugin
2024-03-02 14:35:20,759 [INFO] IPUIPlugin:80 - create IPUIPlugin
2024-03-02 14:35:20,760 [INFO] PluginManager:220 - loadIPPluginJar : add gfxmmu
2024-03-02 14:35:20,767 [INFO] IPUIPlugin:80 - create IPUIPlugin
2024-03-02 14:35:20,768 [INFO] PluginManager:220 - loadIPPluginJar : add gic
2024-03-02 14:35:20,774 [INFO] IPUIPlugin:80 - create IPUIPlugin
2024-03-02 14:35:20,775 [INFO] PluginManager:220 - loadIPPluginJar : add gpio
2024-03-02 14:35:20,780 [INFO] IPUIPlugin:80 - create IPUIPlugin
2024-03-02 14:35:20,780 [INFO] PluginManager:220 - loadIPPluginJar : add gtzc
2024-03-02 14:35:20,784 [INFO] IPUIPlugin:80 - create IPUIPlugin
2024-03-02 14:35:20,784 [INFO] PluginManager:220 - loadIPPluginJar : add hash
2024-03-02 14:35:20,788 [INFO] IPUIPlugin:80 - create IPUIPlugin
2024-03-02 14:35:20,788 [INFO] PluginManager:220 - loadIPPluginJar : add i2c
2024-03-02 14:35:20,792 [INFO] IPUIPlugin:80 - create IPUIPlugin
2024-03-02 14:35:20,792 [INFO] PluginManager:220 - loadIPPluginJar : add i2s
2024-03-02 14:35:20,796 [INFO] IPUIPlugin:80 - create IPUIPlugin
2024-03-02 14:35:20,797 [INFO] PluginManager:220 - loadIPPluginJar : add i3c
2024-03-02 14:35:20,802 [INFO] IPUIPlugin:80 - create IPUIPlugin
2024-03-02 14:35:20,802 [INFO] PluginManager:220 - loadIPPluginJar : add ipddr
2024-03-02 14:35:20,813 [INFO] IPUIPlugin:80 - create IPUIPlugin
2024-03-02 14:35:20,813 [INFO] PluginManager:220 - loadIPPluginJar : add linkedlist
2024-03-02 14:35:20,817 [INFO] IPUIPlugin:80 - create IPUIPlugin
2024-03-02 14:35:20,818 [INFO] PluginManager:220 - loadIPPluginJar : add lorawan
2024-03-02 14:35:20,820 [INFO] IPUIPlugin:80 - create IPUIPlugin
2024-03-02 14:35:20,820 [INFO] PluginManager:220 - loadIPPluginJar : add ltdc
2024-03-02 14:35:20,827 [INFO] IPUIPlugin:80 - create IPUIPlugin
2024-03-02 14:35:20,828 [INFO] PluginManager:220 - loadIPPluginJar : add mdma
2024-03-02 14:35:20,832 [INFO] IPUIPlugin:80 - create IPUIPlugin
2024-03-02 14:35:20,833 [INFO] PluginManager:220 - loadIPPluginJar : add nvic
2024-03-02 14:35:20,836 [INFO] IPUIPlugin:80 - create IPUIPlugin
2024-03-02 14:35:20,837 [INFO] PluginManager:220 - loadIPPluginJar : add opamp
2024-03-02 14:35:20,841 [INFO] IPUIPlugin:80 - create IPUIPlugin
2024-03-02 14:35:20,842 [INFO] PluginManager:220 - loadIPPluginJar : add openamp
2024-03-02 14:35:20,847 [INFO] IPUIPlugin:80 - create IPUIPlugin
2024-03-02 14:35:20,847 [INFO] PluginManager:220 - loadIPPluginJar : add pdm2pcm
2024-03-02 14:35:20,858 [INFO] IPUIPlugin:80 - create IPUIPlugin
2024-03-02 14:35:20,863 [INFO] PluginManager:220 - loadIPPluginJar : add plateformsettings
2024-03-02 14:35:20,865 [INFO] IPUIPlugin:80 - create IPUIPlugin
2024-03-02 14:35:20,866 [INFO] PluginManager:220 - loadIPPluginJar : add quadspi
2024-03-02 14:35:20,871 [INFO] IPUIPlugin:80 - create IPUIPlugin
2024-03-02 14:35:20,872 [INFO] PluginManager:220 - loadIPPluginJar : add resmgrutility
2024-03-02 14:35:20,876 [INFO] IPUIPlugin:80 - create IPUIPlugin
2024-03-02 14:35:20,876 [INFO] PluginManager:220 - loadIPPluginJar : add sai
2024-03-02 14:35:20,880 [INFO] IPUIPlugin:80 - create IPUIPlugin
2024-03-02 14:35:20,880 [INFO] PluginManager:220 - loadIPPluginJar : add spi
2024-03-02 14:35:20,887 [INFO] IPUIPlugin:80 - create IPUIPlugin
2024-03-02 14:35:20,887 [INFO] PluginManager:220 - loadIPPluginJar : add stm32_wpan
2024-03-02 14:35:20,890 [INFO] IPUIPlugin:80 - create IPUIPlugin
2024-03-02 14:35:20,890 [INFO] PluginManager:220 - loadIPPluginJar : add tim
2024-03-02 14:35:20,895 [INFO] IPUIPlugin:80 - create IPUIPlugin
2024-03-02 14:35:20,896 [INFO] PluginManager:220 - loadIPPluginJar : add touchsensing
2024-03-02 14:35:20,899 [INFO] IPUIPlugin:80 - create IPUIPlugin
2024-03-02 14:35:20,899 [INFO] PluginManager:220 - loadIPPluginJar : add tracer_emb
2024-03-02 14:35:20,902 [INFO] IPUIPlugin:80 - create IPUIPlugin
2024-03-02 14:35:20,902 [INFO] PluginManager:220 - loadIPPluginJar : add ts
2024-03-02 14:35:20,905 [INFO] IPUIPlugin:80 - create IPUIPlugin
2024-03-02 14:35:20,905 [INFO] PluginManager:220 - loadIPPluginJar : add tsc
2024-03-02 14:35:20,909 [INFO] IPUIPlugin:80 - create IPUIPlugin
2024-03-02 14:35:20,909 [INFO] PluginManager:220 - loadIPPluginJar : add ucpd
2024-03-02 14:35:20,914 [INFO] IPUIPlugin:80 - create IPUIPlugin
2024-03-02 14:35:20,914 [INFO] PluginManager:220 - loadIPPluginJar : add usart
2024-03-02 14:35:20,918 [INFO] IPUIPlugin:80 - create IPUIPlugin
2024-03-02 14:35:20,919 [INFO] PluginManager:220 - loadIPPluginJar : add usbx
2024-03-02 14:35:21,078 [INFO] CADModel:165 - CPN selected for project level
2024-03-02 14:35:21,078 [INFO] CADModel:114 - Register for checkConnection events
2024-03-02 14:35:21,079 [FATAL] Updater:308 - Updater called before beeing initialized
2024-03-02 14:35:21,079 [ERROR] CADModel:125 - Updater not yet initialized, retry later 
2024-03-02 14:35:21,327 [INFO] CADModel:165 - CPN selected for project level
2024-03-02 14:35:21,328 [INFO] CADModel:114 - Register for checkConnection events
2024-03-02 14:35:21,328 [FATAL] Updater:308 - Updater called before beeing initialized
2024-03-02 14:35:21,328 [ERROR] CADModel:125 - Updater not yet initialized, retry later 
2024-03-02 14:35:21,332 [FATAL] Updater:308 - Updater called before beeing initialized
2024-03-02 14:35:21,492 [FATAL] Updater:308 - Updater called before beeing initialized
2024-03-02 14:35:21,497 [INFO] DbMcusAds:53 - JSON generation date=Wed Nov 29 13:52:27 MSK 2023 (1701255147349)
2024-03-02 14:35:21,497 [FATAL] Updater:308 - Updater called before beeing initialized
2024-03-02 14:35:21,541 [WARN] DetailPanel:346 - Failed to get advertising image, set to default
2024-03-02 14:35:21,658 [FATAL] Updater:308 - Updater called before beeing initialized
2024-03-02 14:35:21,660 [FATAL] Updater:308 - Updater called before beeing initialized
2024-03-02 14:35:21,660 [FATAL] Updater:308 - Updater called before beeing initialized
2024-03-02 14:35:21,660 [WARN] DetailPanel:346 - Failed to get advertising image, set to default
2024-03-02 14:35:21,662 [FATAL] Updater:308 - Updater called before beeing initialized
2024-03-02 14:35:21,726 [ERROR] Updater:1120 - MainUpdater not yet initialized. External WinMGr cannot be set.
2024-03-02 14:35:21,728 [INFO] Updater:1056 - Updater Version found : 6.10.0
2024-03-02 14:35:21,748 [INFO] ApplicationProperties:184 - Using Application install path: C:\ST\STM32CubeIDE_1.14.1\STM32CubeIDE\plugins\com.st.stm32cube.common.mx_6.10.0.202311202037
2024-03-02 14:35:22,446 [INFO] MainUpdater:2873 - connection check result : 10
2024-03-02 14:35:22,448 [INFO] MainUpdater:290 - Updater Check For Update Now.
2024-03-02 14:35:22,448 [INFO] MicroXplorer:498 - Change Database Version : DB.6.0.100
2024-03-02 14:35:22,462 [INFO] McuFinderGlobals:63 - Set McuFinder mode to 2 (CubeIDE integrated)
2024-03-02 14:35:22,463 [INFO] UserAuth:180 - activating auth plugin
2024-03-02 14:35:22,476 [INFO] UserAuth:404 - Internet connection configuration mode: 1
2024-03-02 14:35:22,498 [INFO] JxBrowserEngine:152 - Initiate JxBrowser Engine with user profile folder
2024-03-02 14:35:22,718 [INFO] CheckServerUpdateThread:120 - End of CheckServer Thread
2024-03-02 14:35:22,871 [INFO] MainUpdater:2873 - connection check result : 10
2024-03-02 14:35:23,660 [WARN] PackLoader:240 - Cannot read IP mode file for STMicroelectronics.X-CUBE-SMBUS.2.1.0
2024-03-02 14:35:23,679 [WARN] PackLoader:240 - Cannot read IP mode file for STMicroelectronics.X-CUBE-TOUCHGFX.4.23.0
2024-03-02 14:35:23,720 [INFO] ApiDb:581 - Connected to CubeFinder SQLite database (C:\Users\Константин\.stmcufinder\plugins\mcufinder\mcu\cube-finder-db.db)
2024-03-02 14:35:23,745 [WARN] PackLoader:240 - Cannot read IP mode file for STMicroelectronics.X-CUBE-AZRTOS-F7.1.1.0
2024-03-02 14:35:23,782 [WARN] PackLoader:240 - Cannot read IP mode file for STMicroelectronics.FP-SNS-MOTENV1.4.3.2
2024-03-02 14:35:23,811 [WARN] PackLoader:240 - Cannot read IP mode file for STMicroelectronics.FP-SNS-FLIGHT1.5.0.2
2024-03-02 14:35:23,830 [WARN] PackLoader:240 - Cannot read IP mode file for STMicroelectronics.X-CUBE-DISPLAY.3.0.0
2024-03-02 14:35:23,855 [WARN] PackLoader:240 - Cannot read IP mode file for STMicroelectronics.X-CUBE-BLE1.7.0.0
2024-03-02 14:35:23,868 [WARN] PackLoader:240 - Cannot read IP mode file for emotas.I-CUBE-CANOPEN.1.3.0
2024-03-02 14:35:23,905 [INFO] ApiDb:668 - CubeFinder database Data Model version=2.1
2024-03-02 14:35:23,905 [INFO] ApiDb:669 - CubeFinder database Configuration version=3.0.39
2024-03-02 14:35:23,906 [INFO] ApiDb:670 - CubeFinder database generation date=2024-02-19 (1708350410)
2024-03-02 14:35:23,906 [WARN] PackLoader:240 - Cannot read IP mode file for STMicroelectronics.X-CUBE-BLEMGR.3.1.0
2024-03-02 14:35:23,906 [INFO] ApiDb:671 - CubeFinder database FW Pack versions=[FP-ATR-ASTRA1_V2.0.0, FP-SNS-FLIGHT1_V5.0.1, FP-SNS-FLIGHT1_V5.0.2, FP-SNS-MOTENV1_V4.3.1, FP-SNS-MOTENV1_V4.3.2, FP-SNS-MOTENVWB1_V1.3.1, FP-SNS-SMARTAG2_V1.2.0, STM32Cube_FW_C0_V1.1.0, STM32Cube_FW_F4_V1.28.0, STM32Cube_FW_F7_V1.17.0, STM32Cube_FW_G0_V1.6.2, STM32Cube_FW_G4_V1.5.2, STM32Cube_FW_H5_V0.5.1, STM32Cube_FW_H5_V1.1.1, STM32Cube_FW_H5_V1.2.0RC2, STM32Cube_FW_H7_V1.11.0, STM32Cube_FW_L0_V1.12.2, STM32Cube_FW_L5_V1.5.0, STM32Cube_FW_U5_V1.3.0RC4, STM32Cube_FW_U5_V1.4.0, STM32Cube_FW_WBA_V1.0.0RC1, STM32Cube_FW_WBA_V1.1.0RC1, STM32Cube_FW_WBA_V1.2.0, STM32Cube_FW_WBA_V1.2.0RC2, STM32Cube_FW_WB_V1.15.0RC1, STM32Cube_FW_WB_V1.16.0, STM32Cube_FW_WB_V1.16.0RC2, STM32Cube_FW_WB_V1.18.0, STM32Cube_FW_WL_V1.3.0, X-CUBE-ALGOBUILD_V1.3.0, X-CUBE-ALS_V1.0.1, X-CUBE-AZRTOS-F4_V1.1.0, X-CUBE-AZRTOS-F7_V1.1.0, X-CUBE-AZRTOS-G0_V1.1.0, X-CUBE-AZRTOS-G4_V2.0.0, X-CUBE-AZRTOS-H7_V3.2.0, X-CUBE-AZRTOS-L4_V1.0.0, X-CUBE-AZRTOS-L4_V2.0.0, X-CUBE-AZRTOS-L5_V1.1.0, X-CUBE-AZRTOS-WB_V2.0.0, X-CUBE-AZRTOS-WL_V2.0.0, X-CUBE-BLE1_V7.0.0, X-CUBE-BLE2_V3.3.0, X-CUBE-BLEMGR_V3.0.0, X-CUBE-EEPRMA1_V4.1.0, X-CUBE-EEPRMA1_V5.1.0, X-CUBE-FREERTOS_V1.1.0, X-CUBE-GNSS1_V6.0.0, X-CUBE-MEMS1_V10.0.0, X-CUBE-MEMS1_V9.1.0, X-CUBE-MEMS1_V9.4.0, X-CUBE-MEMS1_V9.6.0, X-CUBE-NFC4_V3.0.0, X-CUBE-NFC7_V1.0.1, X-CUBE-SFXS2LP1_V4.0.0, X-CUBE-SUBG2_V5.0.0, X-CUBE-TOF1_V3.4.0]
2024-03-02 14:35:23,943 [WARN] PackLoader:240 - Cannot read IP mode file for STMicroelectronics.FP-SNS-SMARTAG2.1.2.0
2024-03-02 14:35:23,974 [INFO] LogOutputStream:77 - [STDOUT_REDIRECT] 1 : Invalid condition id : UX_CORESTACK_Condition cause : null
2024-03-02 14:35:23,980 [INFO] LogOutputStream:77 - [STDOUT_REDIRECT] 1 : Invalid condition id : UX_CORESTACK_Condition cause : null
2024-03-02 14:35:23,983 [INFO] LogOutputStream:77 - [STDOUT_REDIRECT] 1 : Invalid condition id : UX_CORESTACK_Condition cause : null
2024-03-02 14:35:23,985 [INFO] LogOutputStream:77 - [STDOUT_REDIRECT] 1 : Invalid condition id : UX_CORESTACK_Condition cause : null
2024-03-02 14:35:23,989 [INFO] LogOutputStream:77 - [STDOUT_REDIRECT] 1 : Invalid condition id : UX_CORESTACK_Condition cause : null
2024-03-02 14:35:24,000 [WARN] PackLoader:240 - Cannot read IP mode file for STMicroelectronics.X-CUBE-AZRTOS-WL.2.0.0
2024-03-02 14:35:24,018 [WARN] PackLoader:240 - Cannot read IP mode file for WES.I-CUBE-Cesium.1.3.0
2024-03-02 14:35:24,037 [WARN] PackLoader:240 - Cannot read IP mode file for STMicroelectronics.X-CUBE-BLE2.3.3.0
2024-03-02 14:35:24,083 [WARN] PackLoader:240 - Cannot read IP mode file for STMicroelectronics.X-CUBE-ALGOBUILD.1.3.0
2024-03-02 14:35:24,153 [INFO] DbBoardsSqlite:226 - include board P-NUCLEO-WB55-NUCLEO as a kit item of type 'Nucleo-64'
2024-03-02 14:35:24,154 [INFO] DbBoardsSqlite:226 - include board P-NUCLEO-WB55-USBDONGLE as a kit item of type 'Nucleo USB Dongle'
2024-03-02 14:35:24,155 [INFO] DbBoardsSqlite:226 - include board STEVAL-IDP005V1 as a kit item of type 'Evaluation Board'
2024-03-02 14:35:24,155 [INFO] DbBoardsSqlite:226 - include board STEVAL-IDP005V2 as a kit item of type 'Evaluation Board'
2024-03-02 14:35:24,159 [WARN] PackLoader:240 - Cannot read IP mode file for STMicroelectronics.X-CUBE-AZRTOS-G0.1.1.0
2024-03-02 14:35:24,183 [WARN] PackLoader:240 - Cannot read IP mode file for STMicroelectronics.X-CUBE-NFC4.3.0.0
2024-03-02 14:35:24,195 [WARN] PackLoader:240 - Cannot read IP mode file for STMicroelectronics.FP-ATR-SIGFOX1.3.2.0
2024-03-02 14:35:24,221 [WARN] PackLoader:240 - Cannot read IP mode file for STMicroelectronics.X-CUBE-EEPRMA1.5.1.0
2024-03-02 14:35:24,315 [WARN] PackLoader:240 - Cannot read IP mode file for SEGGER.I-CUBE-embOS.1.3.1
2024-03-02 14:35:24,330 [INFO] ApiDb:240 - Found 371 in-development CPN: [B-G473E-ZEST1S, B-WB1M-WPAN1, B-WL5M-SUBG1, NUCLEO-C031C6, NUCLEO-H503RB, NUCLEO-H563ZI, NUCLEO-U545RE-Q, NUCLEO-U5A5ZJ-Q, NUCLEO-WBA52CG, NUCLEO-WBA55CG, STEVAL-MKBOXPRO, STEVAL-PROTEUS1, STEVAL-STWINBX1, STM320518-EVAL, STM32C0116-DK, STM32C011D6Y3TR, STM32C011D6Y6TR, STM32C011F4P3, STM32C011F4P6, STM32C011F4U3, STM32C011F4U6TR, STM32C011F6P3, STM32C011F6P6, STM32C011F6U3, STM32C011F6U6TR, STM32C011J4M3, STM32C011J4M6, STM32C011J6M3, STM32C011J6M6, STM32C0316-DK, STM32C031C4T3, STM32C031C4T6, STM32C031C4U3, STM32C031C4U6, STM32C031C6T3, STM32C031C6T6, STM32C031C6U3, STM32C031C6U6, STM32C031F4P3, STM32C031F4P6, STM32C031F6P3, STM32C031F6P6, STM32C031G4U3, STM32C031G4U6, STM32C031G6U3, STM32C031G6U6, STM32C031K4T3, STM32C031K4T6, STM32C031K4U3, STM32C031K4U6, STM32C031K6T3, STM32C031K6T6, STM32C031K6U3, STM32C031K6U6, STM32G071K8TXN, STM32G071K8UXN, STM32G081GBU6N, STM32G081KBT6N, STM32G081KBUXN, STM32G0B1CCT6N, STM32G0B1KCT6, STM32G0B1NEY6TR, STM32G0B1RCT6N, STM32G0C1CCT6, STM32G0C1CCT6N, STM32G0C1CCU6N, STM32G0C1CET6N, STM32G0C1CEU6N, STM32G0C1KCT6, STM32G0C1NEY6TR, STM32G0C1RCI6N, STM32G0C1RCT6N, STM32G0C1REI6N, STM32G0C1RET6N, STM32G0C1VCI6, STM32G0C1VEI6, STM32G471CCT6, STM32G471CCU6, STM32G471CET3, STM32G471CET6, STM32G471CEU3, STM32G471CEU6, STM32G471MCT6, STM32G471MET3, STM32G471MET6, STM32G471MEY6TR, STM32G471QCT6, STM32G471QET3, STM32G471RCT6, STM32G471RET3, STM32G471RET6, STM32G471VCH6, STM32G471VCI6, STM32G471VCT6, STM32G471VEH3, STM32G471VEH6, STM32G471VEI3, STM32G471VEI6, STM32G471VET3, STM32G471VET6, STM32G474CCT6, STM32H503CBT6, STM32H503CBU6, STM32H503EBY6TR, STM32H503KBU6, STM32H503RBT6, STM32H562AGI6, STM32H562AII6, STM32H562IGK6, STM32H562IGT6, STM32H562IIK6, STM32H562IIT6, STM32H562RGT6, STM32H562RGV6, STM32H562RIT6, STM32H562RIV6, STM32H562VGT6, STM32H562VIT6, STM32H562ZGT6, STM32H562ZIT6, STM32H563AGI6, STM32H563AII3Q, STM32H563AII6, STM32H563IGK6, STM32H563IGT6, STM32H563IIK3Q, STM32H563IIK6, STM32H563IIT3Q, STM32H563IIT6, STM32H563MIY3QTR, STM32H563RGT6, STM32H563RGV6, STM32H563RIT6, STM32H563RIV6, STM32H563VGT6, STM32H563VIT3Q, STM32H563VIT6, STM32H563ZGT6, STM32H563ZIT3Q, STM32H563ZIT6, STM32H573AII3Q, STM32H573AII6, STM32H573I-DK, STM32H573IIK3Q, STM32H573IIK6, STM32H573IIT3Q, STM32H573IIT6, STM32H573MIY3QTR, STM32H573RIT6, STM32H573RIV6, STM32H573VIT3Q, STM32H573VIT6, STM32H573ZIT3Q, STM32H573ZIT6, STM32L4R5QGI6STR, STM32MP131AAE3, STM32MP131AAF3, STM32MP131AAG3, STM32MP131CAE3, STM32MP131CAF3, STM32MP131CAG3, STM32MP131DAE7, STM32MP131DAF7, STM32MP131DAG7, STM32MP131FAE7, STM32MP131FAF7, STM32MP131FAG7, STM32MP133AAE3, STM32MP133AAF3, STM32MP133AAG3, STM32MP133CAE3, STM32MP133CAF3, STM32MP133CAG3, STM32MP133DAE7, STM32MP133DAF7, STM32MP133DAG7, STM32MP133FAE7, STM32MP133FAF7, STM32MP133FAG7, STM32MP135AAE3, STM32MP135AAF3, STM32MP135AAG3, STM32MP135CAE3, STM32MP135CAF3, STM32MP135CAG3, STM32MP135DAE7, STM32MP135DAF7, STM32MP135DAG7, STM32MP135F-DK, STM32MP135FAE7, STM32MP135FAF7, STM32MP135FAF7T, STM32MP135FAF7U, STM32MP135FAG7, STM32U535CBT6, STM32U535CBT6Q, STM32U535CBU6, STM32U535CBU6Q, STM32U535CCT6, STM32U535CCT6Q, STM32U535CCU6, STM32U535CCU6Q, STM32U535CET6, STM32U535CET6Q, STM32U535CEU6, STM32U535CEU6Q, STM32U535JEY6QTR, STM32U535NCY6QTR, STM32U535NEY6QTR, STM32U535RBI6, STM32U535RBI6Q, STM32U535RBT6, STM32U535RBT6Q, STM32U535RCI6, STM32U535RCI6Q, STM32U535RCT6, STM32U535RCT6Q, STM32U535REI6, STM32U535REI6Q, STM32U535RET6, STM32U535RET6Q, STM32U535VCI6, STM32U535VCI6Q, STM32U535VCT6, STM32U535VCT6Q, STM32U535VEI6, STM32U535VEI6Q, STM32U535VET6, STM32U535VET6Q, STM32U545CET6, STM32U545CET6Q, STM32U545CEU6, STM32U545CEU6Q, STM32U545JEY6QTR, STM32U545NEY6QTR, STM32U545REI6, STM32U545REI6Q, STM32U545RET6, STM32U545RET6Q, STM32U545VEI6, STM32U545VEI6Q, STM32U545VET6, STM32U545VET6Q, STM32U595AIH6, STM32U595AIH6Q, STM32U595AJH6, STM32U595AJH6Q, STM32U595QII6, STM32U595QII6Q, STM32U595QJI6, STM32U595QJI6Q, STM32U595RIT6, STM32U595RIT6Q, STM32U595RJT6, STM32U595RJT6Q, STM32U595VIT6, STM32U595VIT6Q, STM32U595VJT6, STM32U595VJT6Q, STM32U595ZIT6, STM32U595ZIT6Q, STM32U595ZIY6QTR, STM32U595ZJT6, STM32U595ZJT6Q, STM32U595ZJY6QTR, STM32U599BJY6QTR, STM32U599NIH6Q, STM32U599NJH6Q, STM32U599VIT6Q, STM32U599VJT6, STM32U599VJT6Q, STM32U599ZIT6Q, STM32U599ZIY6QTR, STM32U599ZJT6Q, STM32U599ZJY6QTR, STM32U5A5AJH6, STM32U5A5AJH6Q, STM32U5A5QJI6, STM32U5A5QJI6Q, STM32U5A5RJT6, STM32U5A5RJT6Q, STM32U5A5VJT6, STM32U5A5VJT6Q, STM32U5A5ZJT6, STM32U5A5ZJT6Q, STM32U5A5ZJY6QTR, STM32U5A9BJY6QTR, STM32U5A9J-DK, STM32U5A9NJH6Q, STM32U5A9VJT6Q, STM32U5A9ZJT6Q, STM32U5A9ZJY6QTR, STM32U5F7VIT6, STM32U5F7VIT6Q, STM32U5F7VJT6, STM32U5F7VJT6Q, STM32U5F9BJY6QTR, STM32U5F9NJH6Q, STM32U5F9VIT6Q, STM32U5F9VJT6Q, STM32U5F9ZIJ6QTR, STM32U5F9ZIT6Q, STM32U5F9ZJJ6QTR, STM32U5F9ZJT6Q, STM32U5G7VJT6, STM32U5G7VJT6Q, STM32U5G9BJY6QTR, STM32U5G9J-DK1, STM32U5G9J-DK2, STM32U5G9NJH6Q, STM32U5G9VJT6Q, STM32U5G9ZJJ6QTR, STM32U5G9ZJT6Q, STM32WB1MMCH6, STM32WBA50KEU6, STM32WBA50KEU6TR, STM32WBA50KGU6, STM32WBA50KGU6TR, STM32WBA52CEU6, STM32WBA52CEU6TR, STM32WBA52CEU7, STM32WBA52CEU7TR, STM32WBA52CGU6, STM32WBA52CGU6TR, STM32WBA52CGU6U, STM32WBA52CGU7, STM32WBA52CGU7TR, STM32WBA52KEU6, STM32WBA52KEU6TR, STM32WBA52KGU6, STM32WBA52KGU6TR, STM32WBA54CEU6, STM32WBA54CEU6TR, STM32WBA54CEU7, STM32WBA54CEU7TR, STM32WBA54CGU6, STM32WBA54CGU6TR, STM32WBA54CGU7, STM32WBA54CGU7TR, STM32WBA54KEU6, STM32WBA54KEU6TR, STM32WBA54KEU7, STM32WBA54KEU7TR, STM32WBA54KGU6, STM32WBA54KGU6TR, STM32WBA54KGU7, STM32WBA54KGU7TR, STM32WBA55CEU6, STM32WBA55CEU6TR, STM32WBA55CEU7, STM32WBA55CEU7TR, STM32WBA55CGU6, STM32WBA55CGU6TR, STM32WBA55CGU6U, STM32WBA55CGU7, STM32WBA55CGU7TR, STM32WBA55G-DK1, STM32WBA55HEF6, STM32WBA55HEF7, STM32WBA55HGF6, STM32WBA55HGF7, STM32WBA55UEI6, STM32WBA55UEI6TR, STM32WBA55UEI7, STM32WBA55UEI7TR, STM32WBA55UGI6, STM32WBA55UGI6TR, STM32WBA55UGI7, STM32WBA55UGI7TR, STM32WL5MOCH6, STM32WL5MOCH6TR]
2024-03-02 14:35:24,530 [WARN] PackLoader:240 - Cannot read IP mode file for STMicroelectronics.X-CUBE-GNSS1.6.0.0
2024-03-02 14:35:24,646 [WARN] PackLoader:240 - Cannot read IP mode file for STMicroelectronics.X-CUBE-AZRTOS-F4.1.1.0
2024-03-02 14:35:24,659 [WARN] PackLoader:240 - Cannot read IP mode file for wolfSSL.I-CUBE-wolfSSL.5.6.6
2024-03-02 14:35:24,699 [WARN] PackLoader:240 - Cannot read IP mode file for STMicroelectronics.X-CUBE-AZRTOS-L5.2.0.0
2024-03-02 14:35:24,712 [WARN] PackLoader:240 - Cannot read IP mode file for ITTIA_DB.I-CUBE-ITTIADB.8.8.0
2024-03-02 14:35:24,720 [WARN] PackLoader:240 - Cannot read IP mode file for STMicroelectronics.X-CUBE-NFC7.1.0.1
2024-03-02 14:35:24,768 [WARN] PackLoader:240 - Cannot read IP mode file for STMicroelectronics.X-CUBE-NFC6.3.0.0
2024-03-02 14:35:24,782 [WARN] PackLoader:240 - Cannot read IP mode file for STMicroelectronics.X-CUBE-AI.8.1.0
2024-03-02 14:35:24,809 [INFO] BoardInfo:889 - No configuration file found for board P-NUCLEO-WB55
2024-03-02 14:35:24,810 [INFO] DbBoards:161 - Kit is not supported: P-NUCLEO-WB55
2024-03-02 14:35:24,822 [INFO] BoardInfo:889 - No configuration file found for board STEVAL-BFA001V1B
2024-03-02 14:35:24,823 [INFO] DbBoards:161 - Kit is not supported: STEVAL-BFA001V1B
2024-03-02 14:35:24,827 [INFO] BoardInfo:889 - No configuration file found for board STEVAL-BFA001V2B
2024-03-02 14:35:24,827 [INFO] DbBoards:161 - Kit is not supported: STEVAL-BFA001V2B
2024-03-02 14:35:24,884 [WARN] ConditionMgr:438 - getConditionDescription Invalid condition id : LAN8742 Phy interface Condition cause : null
2024-03-02 14:35:24,885 [WARN] PackLoader:240 - Cannot read IP mode file for STMicroelectronics.X-CUBE-AZRTOS-L4.2.0.0
2024-03-02 14:35:24,888 [WARN] ConditionMgr:1039 - genDependencies : Invalid condition id : LAN8742 Phy interface Condition cause : null
2024-03-02 14:35:24,889 [WARN] ConditionMgr:1039 - genDependencies : Invalid condition id : LAN8742 Phy interface Condition cause : null
2024-03-02 14:35:24,890 [WARN] ConditionMgr:1039 - genDependencies : Invalid condition id : LAN8742 Phy interface Condition cause : null
2024-03-02 14:35:24,903 [WARN] PackLoader:240 - Cannot read IP mode file for STMicroelectronics.X-CUBE-SFXS2LP1.4.0.0
2024-03-02 14:35:24,927 [WARN] ConditionMgr:438 - getConditionDescription Invalid condition id : UX DEVICE CLASS RTOS Condition cause : null
2024-03-02 14:35:24,948 [WARN] ConditionMgr:438 - getConditionDescription Invalid condition id : UX DEVICE CLASS RTOS Condition cause : null
2024-03-02 14:35:24,972 [WARN] PackLoader:240 - Cannot read IP mode file for STMicroelectronics.X-CUBE-AZRTOS-WB.2.0.0
2024-03-02 14:35:24,975 [WARN] ConditionMgr:1039 - genDependencies : Invalid condition id : UX DEVICE CLASS RTOS Condition cause : null
2024-03-02 14:35:24,976 [WARN] ConditionMgr:1039 - genDependencies : Invalid condition id : UX DEVICE CLASS RTOS Condition cause : null
2024-03-02 14:35:24,977 [WARN] ConditionMgr:1039 - genDependencies : Invalid condition id : UX DEVICE CLASS RTOS Condition cause : null
2024-03-02 14:35:24,978 [WARN] ConditionMgr:1039 - genDependencies : Invalid condition id : UX DEVICE CLASS RTOS Condition cause : null
2024-03-02 14:35:24,978 [WARN] ConditionMgr:1039 - genDependencies : Invalid condition id : UX DEVICE CLASS RTOS Condition cause : null
2024-03-02 14:35:25,016 [WARN] PackLoader:240 - Cannot read IP mode file for STMicroelectronics.X-CUBE-SUBG2.5.0.0
2024-03-02 14:35:25,054 [WARN] PackLoader:240 - Cannot read IP mode file for STMicroelectronics.X-CUBE-AZRTOS-G4.2.0.0
2024-03-02 14:35:25,082 [WARN] PackLoader:240 - Cannot read IP mode file for Infineon.AIROC-Wi-Fi-Bluetooth-STM32.1.5.1
2024-03-02 14:35:25,145 [WARN] PackLoader:240 - Cannot read IP mode file for STMicroelectronics.FP-SNS-MOTENVWB1.1.3.1
2024-03-02 14:35:25,152 [WARN] PackLoader:240 - Cannot read IP mode file for STMicroelectronics.X-CUBE-ISPU.2.0.0
2024-03-02 14:35:25,236 [WARN] PackLoader:240 - Cannot read IP mode file for STMicroelectronics.X-CUBE-MEMS1.10.0.0
2024-03-02 14:35:25,351 [INFO] DbBoards:168 - Found 193 boards, 190 are supported
2024-03-02 14:35:25,352 [INFO] DbBoards:169 - Found 193 boards, 3 of them is supported for  Bsp
2024-03-02 14:35:25,359 [INFO] ApiDb:668 - CubeFinder database Data Model version=2.1
2024-03-02 14:35:25,359 [INFO] ApiDb:669 - CubeFinder database Configuration version=3.0.39
2024-03-02 14:35:25,359 [INFO] ApiDb:670 - CubeFinder database generation date=2024-02-19 (1708350410)
2024-03-02 14:35:25,360 [INFO] ApiDb:671 - CubeFinder database FW Pack versions=[FP-ATR-ASTRA1_V2.0.0, FP-SNS-FLIGHT1_V5.0.1, FP-SNS-FLIGHT1_V5.0.2, FP-SNS-MOTENV1_V4.3.1, FP-SNS-MOTENV1_V4.3.2, FP-SNS-MOTENVWB1_V1.3.1, FP-SNS-SMARTAG2_V1.2.0, STM32Cube_FW_C0_V1.1.0, STM32Cube_FW_F4_V1.28.0, STM32Cube_FW_F7_V1.17.0, STM32Cube_FW_G0_V1.6.2, STM32Cube_FW_G4_V1.5.2, STM32Cube_FW_H5_V0.5.1, STM32Cube_FW_H5_V1.1.1, STM32Cube_FW_H5_V1.2.0RC2, STM32Cube_FW_H7_V1.11.0, STM32Cube_FW_L0_V1.12.2, STM32Cube_FW_L5_V1.5.0, STM32Cube_FW_U5_V1.3.0RC4, STM32Cube_FW_U5_V1.4.0, STM32Cube_FW_WBA_V1.0.0RC1, STM32Cube_FW_WBA_V1.1.0RC1, STM32Cube_FW_WBA_V1.2.0, STM32Cube_FW_WBA_V1.2.0RC2, STM32Cube_FW_WB_V1.15.0RC1, STM32Cube_FW_WB_V1.16.0, STM32Cube_FW_WB_V1.16.0RC2, STM32Cube_FW_WB_V1.18.0, STM32Cube_FW_WL_V1.3.0, X-CUBE-ALGOBUILD_V1.3.0, X-CUBE-ALS_V1.0.1, X-CUBE-AZRTOS-F4_V1.1.0, X-CUBE-AZRTOS-F7_V1.1.0, X-CUBE-AZRTOS-G0_V1.1.0, X-CUBE-AZRTOS-G4_V2.0.0, X-CUBE-AZRTOS-H7_V3.2.0, X-CUBE-AZRTOS-L4_V1.0.0, X-CUBE-AZRTOS-L4_V2.0.0, X-CUBE-AZRTOS-L5_V1.1.0, X-CUBE-AZRTOS-WB_V2.0.0, X-CUBE-AZRTOS-WL_V2.0.0, X-CUBE-BLE1_V7.0.0, X-CUBE-BLE2_V3.3.0, X-CUBE-BLEMGR_V3.0.0, X-CUBE-EEPRMA1_V4.1.0, X-CUBE-EEPRMA1_V5.1.0, X-CUBE-FREERTOS_V1.1.0, X-CUBE-GNSS1_V6.0.0, X-CUBE-MEMS1_V10.0.0, X-CUBE-MEMS1_V9.1.0, X-CUBE-MEMS1_V9.4.0, X-CUBE-MEMS1_V9.6.0, X-CUBE-NFC4_V3.0.0, X-CUBE-NFC7_V1.0.1, X-CUBE-SFXS2LP1_V4.0.0, X-CUBE-SUBG2_V5.0.0, X-CUBE-TOF1_V3.4.0]
2024-03-02 14:35:25,559 [INFO] WebApp:161 - Instantiating new browser for Auth
2024-03-02 14:35:25,692 [WARN] PackLoader:240 - Cannot read IP mode file for STMicroelectronics.X-CUBE-FREERTOS.1.1.0
2024-03-02 14:35:25,701 [WARN] PackLoader:240 - Cannot read IP mode file for portGmbH.I-Cube-SoM-uGOAL.1.1.0
2024-03-02 14:35:25,708 [WARN] PackLoader:240 - Cannot read IP mode file for STMicroelectronics.X-CUBE-ALS.1.0.1
2024-03-02 14:35:25,717 [WARN] PackLoader:240 - Cannot read IP mode file for STMicroelectronics.FP-ATR-ASTRA1.2.0.0
2024-03-02 14:35:25,738 [WARN] PackLoader:240 - Cannot read IP mode file for STMicroelectronics.X-CUBE-TOF1.3.4.0
2024-03-02 14:35:25,813 [WARN] PackLoader:240 - Cannot read IP mode file for STMicroelectronics.X-CUBE-AZRTOS-H7.3.2.0
2024-03-02 14:35:25,820 [INFO] ThirdParty:978 - Integrity check success = true
2024-03-02 14:35:25,820 [INFO] IntegrityCheckThread:100 - exiting critical section [integrity check]
2024-03-02 14:35:25,820 [INFO] IntegrityCheckThread:103 - End integrity checks thread
2024-03-02 14:35:27,523 [INFO] WebApp:780 - Register for checkConnection events
2024-03-02 14:35:27,524 [INFO] WebApp:414 - Apply proxy settings
2024-03-02 14:35:27,524 [INFO] WebApp:499 - Chromium requires no authentication
2024-03-02 14:35:27,534 [INFO] WebApp:442 - Direct internet connection detected
2024-03-02 14:35:27,756 [INFO] WebApp:192 - Starting web application
2024-03-02 14:35:27,756 [INFO] WebApp:544 - Web application path used C:\ST\STM32CubeIDE_1.14.1\STM32CubeIDE\plugins\com.st.stm32cube.common.mx_6.10.0.202311202037\db\plugins\mcufinder\reactClient1\index.html
2024-03-02 14:35:29,514 [INFO] ApiDb:240 - Found 371 in-development CPN: [B-G473E-ZEST1S, B-WB1M-WPAN1, B-WL5M-SUBG1, NUCLEO-C031C6, NUCLEO-H503RB, NUCLEO-H563ZI, NUCLEO-U545RE-Q, NUCLEO-U5A5ZJ-Q, NUCLEO-WBA52CG, NUCLEO-WBA55CG, STEVAL-MKBOXPRO, STEVAL-PROTEUS1, STEVAL-STWINBX1, STM320518-EVAL, STM32C0116-DK, STM32C011D6Y3TR, STM32C011D6Y6TR, STM32C011F4P3, STM32C011F4P6, STM32C011F4U3, STM32C011F4U6TR, STM32C011F6P3, STM32C011F6P6, STM32C011F6U3, STM32C011F6U6TR, STM32C011J4M3, STM32C011J4M6, STM32C011J6M3, STM32C011J6M6, STM32C0316-DK, STM32C031C4T3, STM32C031C4T6, STM32C031C4U3, STM32C031C4U6, STM32C031C6T3, STM32C031C6T6, STM32C031C6U3, STM32C031C6U6, STM32C031F4P3, STM32C031F4P6, STM32C031F6P3, STM32C031F6P6, STM32C031G4U3, STM32C031G4U6, STM32C031G6U3, STM32C031G6U6, STM32C031K4T3, STM32C031K4T6, STM32C031K4U3, STM32C031K4U6, STM32C031K6T3, STM32C031K6T6, STM32C031K6U3, STM32C031K6U6, STM32G071K8TXN, STM32G071K8UXN, STM32G081GBU6N, STM32G081KBT6N, STM32G081KBUXN, STM32G0B1CCT6N, STM32G0B1KCT6, STM32G0B1NEY6TR, STM32G0B1RCT6N, STM32G0C1CCT6, STM32G0C1CCT6N, STM32G0C1CCU6N, STM32G0C1CET6N, STM32G0C1CEU6N, STM32G0C1KCT6, STM32G0C1NEY6TR, STM32G0C1RCI6N, STM32G0C1RCT6N, STM32G0C1REI6N, STM32G0C1RET6N, STM32G0C1VCI6, STM32G0C1VEI6, STM32G471CCT6, STM32G471CCU6, STM32G471CET3, STM32G471CET6, STM32G471CEU3, STM32G471CEU6, STM32G471MCT6, STM32G471MET3, STM32G471MET6, STM32G471MEY6TR, STM32G471QCT6, STM32G471QET3, STM32G471RCT6, STM32G471RET3, STM32G471RET6, STM32G471VCH6, STM32G471VCI6, STM32G471VCT6, STM32G471VEH3, STM32G471VEH6, STM32G471VEI3, STM32G471VEI6, STM32G471VET3, STM32G471VET6, STM32G474CCT6, STM32H503CBT6, STM32H503CBU6, STM32H503EBY6TR, STM32H503KBU6, STM32H503RBT6, STM32H562AGI6, STM32H562AII6, STM32H562IGK6, STM32H562IGT6, STM32H562IIK6, STM32H562IIT6, STM32H562RGT6, STM32H562RGV6, STM32H562RIT6, STM32H562RIV6, STM32H562VGT6, STM32H562VIT6, STM32H562ZGT6, STM32H562ZIT6, STM32H563AGI6, STM32H563AII3Q, STM32H563AII6, STM32H563IGK6, STM32H563IGT6, STM32H563IIK3Q, STM32H563IIK6, STM32H563IIT3Q, STM32H563IIT6, STM32H563MIY3QTR, STM32H563RGT6, STM32H563RGV6, STM32H563RIT6, STM32H563RIV6, STM32H563VGT6, STM32H563VIT3Q, STM32H563VIT6, STM32H563ZGT6, STM32H563ZIT3Q, STM32H563ZIT6, STM32H573AII3Q, STM32H573AII6, STM32H573I-DK, STM32H573IIK3Q, STM32H573IIK6, STM32H573IIT3Q, STM32H573IIT6, STM32H573MIY3QTR, STM32H573RIT6, STM32H573RIV6, STM32H573VIT3Q, STM32H573VIT6, STM32H573ZIT3Q, STM32H573ZIT6, STM32L4R5QGI6STR, STM32MP131AAE3, STM32MP131AAF3, STM32MP131AAG3, STM32MP131CAE3, STM32MP131CAF3, STM32MP131CAG3, STM32MP131DAE7, STM32MP131DAF7, STM32MP131DAG7, STM32MP131FAE7, STM32MP131FAF7, STM32MP131FAG7, STM32MP133AAE3, STM32MP133AAF3, STM32MP133AAG3, STM32MP133CAE3, STM32MP133CAF3, STM32MP133CAG3, STM32MP133DAE7, STM32MP133DAF7, STM32MP133DAG7, STM32MP133FAE7, STM32MP133FAF7, STM32MP133FAG7, STM32MP135AAE3, STM32MP135AAF3, STM32MP135AAG3, STM32MP135CAE3, STM32MP135CAF3, STM32MP135CAG3, STM32MP135DAE7, STM32MP135DAF7, STM32MP135DAG7, STM32MP135F-DK, STM32MP135FAE7, STM32MP135FAF7, STM32MP135FAF7T, STM32MP135FAF7U, STM32MP135FAG7, STM32U535CBT6, STM32U535CBT6Q, STM32U535CBU6, STM32U535CBU6Q, STM32U535CCT6, STM32U535CCT6Q, STM32U535CCU6, STM32U535CCU6Q, STM32U535CET6, STM32U535CET6Q, STM32U535CEU6, STM32U535CEU6Q, STM32U535JEY6QTR, STM32U535NCY6QTR, STM32U535NEY6QTR, STM32U535RBI6, STM32U535RBI6Q, STM32U535RBT6, STM32U535RBT6Q, STM32U535RCI6, STM32U535RCI6Q, STM32U535RCT6, STM32U535RCT6Q, STM32U535REI6, STM32U535REI6Q, STM32U535RET6, STM32U535RET6Q, STM32U535VCI6, STM32U535VCI6Q, STM32U535VCT6, STM32U535VCT6Q, STM32U535VEI6, STM32U535VEI6Q, STM32U535VET6, STM32U535VET6Q, STM32U545CET6, STM32U545CET6Q, STM32U545CEU6, STM32U545CEU6Q, STM32U545JEY6QTR, STM32U545NEY6QTR, STM32U545REI6, STM32U545REI6Q, STM32U545RET6, STM32U545RET6Q, STM32U545VEI6, STM32U545VEI6Q, STM32U545VET6, STM32U545VET6Q, STM32U595AIH6, STM32U595AIH6Q, STM32U595AJH6, STM32U595AJH6Q, STM32U595QII6, STM32U595QII6Q, STM32U595QJI6, STM32U595QJI6Q, STM32U595RIT6, STM32U595RIT6Q, STM32U595RJT6, STM32U595RJT6Q, STM32U595VIT6, STM32U595VIT6Q, STM32U595VJT6, STM32U595VJT6Q, STM32U595ZIT6, STM32U595ZIT6Q, STM32U595ZIY6QTR, STM32U595ZJT6, STM32U595ZJT6Q, STM32U595ZJY6QTR, STM32U599BJY6QTR, STM32U599NIH6Q, STM32U599NJH6Q, STM32U599VIT6Q, STM32U599VJT6, STM32U599VJT6Q, STM32U599ZIT6Q, STM32U599ZIY6QTR, STM32U599ZJT6Q, STM32U599ZJY6QTR, STM32U5A5AJH6, STM32U5A5AJH6Q, STM32U5A5QJI6, STM32U5A5QJI6Q, STM32U5A5RJT6, STM32U5A5RJT6Q, STM32U5A5VJT6, STM32U5A5VJT6Q, STM32U5A5ZJT6, STM32U5A5ZJT6Q, STM32U5A5ZJY6QTR, STM32U5A9BJY6QTR, STM32U5A9J-DK, STM32U5A9NJH6Q, STM32U5A9VJT6Q, STM32U5A9ZJT6Q, STM32U5A9ZJY6QTR, STM32U5F7VIT6, STM32U5F7VIT6Q, STM32U5F7VJT6, STM32U5F7VJT6Q, STM32U5F9BJY6QTR, STM32U5F9NJH6Q, STM32U5F9VIT6Q, STM32U5F9VJT6Q, STM32U5F9ZIJ6QTR, STM32U5F9ZIT6Q, STM32U5F9ZJJ6QTR, STM32U5F9ZJT6Q, STM32U5G7VJT6, STM32U5G7VJT6Q, STM32U5G9BJY6QTR, STM32U5G9J-DK1, STM32U5G9J-DK2, STM32U5G9NJH6Q, STM32U5G9VJT6Q, STM32U5G9ZJJ6QTR, STM32U5G9ZJT6Q, STM32WB1MMCH6, STM32WBA50KEU6, STM32WBA50KEU6TR, STM32WBA50KGU6, STM32WBA50KGU6TR, STM32WBA52CEU6, STM32WBA52CEU6TR, STM32WBA52CEU7, STM32WBA52CEU7TR, STM32WBA52CGU6, STM32WBA52CGU6TR, STM32WBA52CGU6U, STM32WBA52CGU7, STM32WBA52CGU7TR, STM32WBA52KEU6, STM32WBA52KEU6TR, STM32WBA52KGU6, STM32WBA52KGU6TR, STM32WBA54CEU6, STM32WBA54CEU6TR, STM32WBA54CEU7, STM32WBA54CEU7TR, STM32WBA54CGU6, STM32WBA54CGU6TR, STM32WBA54CGU7, STM32WBA54CGU7TR, STM32WBA54KEU6, STM32WBA54KEU6TR, STM32WBA54KEU7, STM32WBA54KEU7TR, STM32WBA54KGU6, STM32WBA54KGU6TR, STM32WBA54KGU7, STM32WBA54KGU7TR, STM32WBA55CEU6, STM32WBA55CEU6TR, STM32WBA55CEU7, STM32WBA55CEU7TR, STM32WBA55CGU6, STM32WBA55CGU6TR, STM32WBA55CGU6U, STM32WBA55CGU7, STM32WBA55CGU7TR, STM32WBA55G-DK1, STM32WBA55HEF6, STM32WBA55HEF7, STM32WBA55HGF6, STM32WBA55HGF7, STM32WBA55UEI6, STM32WBA55UEI6TR, STM32WBA55UEI7, STM32WBA55UEI7TR, STM32WBA55UGI6, STM32WBA55UGI6TR, STM32WBA55UGI7, STM32WBA55UGI7TR, STM32WL5MOCH6, STM32WL5MOCH6TR]
2024-03-02 14:35:29,521 [INFO] DbMcus:218 - Found 3930 MCUs, 3930 are supported
2024-03-02 14:35:29,522 [INFO] ApiDb:423 - Load user favorites file C:\Users\Константин/.stm32cubeide/favorites.mcus.txt: 0 item(s)
2024-03-02 14:35:29,522 [INFO] ApiDb:427 - User favorites MCUs=[]
2024-03-02 14:35:29,523 [INFO] DbMcus:224 - Set 0 / 0 favorites MCUs
2024-03-02 14:35:29,870 [INFO] ApiDb:414 - User favorites file not found: C:\Users\Константин/.stm32cubeide/favorites.boards.txt
2024-03-02 14:35:29,871 [INFO] DbBoards:198 - Set 0 / 0 favorites Boards
2024-03-02 14:35:29,871 [INFO] McuFinderGlobals:76 - Set McuFinderConnectedMode to true
2024-03-02 14:35:29,880 [INFO] MultiScanPanel:200 - Auto-refresh data requested => check proxy status ongoing
2024-03-02 14:35:29,882 [INFO] FinderPluginLoader:95 - Searching for filters in installed packs
2024-03-02 14:35:32,455 [INFO] LoadUrlFilesThread:185 - End of LoadServerUrlFiles without Thread
2024-03-02 14:35:32,479 [INFO] DetailPanel:341 - Set advertising image to C:/Users/Константин/STM32Cube/Repository/\en.prom-stm32wl3-mcu-finder.jpg
2024-03-02 14:35:48,863 [ERROR] LogOutputStream:75 - [STDERR_REDIRECT] SLF4J: Failed to load class "org.slf4j.impl.StaticLoggerBinder".
2024-03-02 14:35:48,864 [ERROR] LogOutputStream:75 - [STDERR_REDIRECT] SLF4J: Defaulting to no-operation (NOP) logger implementation
2024-03-02 14:35:48,867 [ERROR] LogOutputStream:75 - [STDERR_REDIRECT] SLF4J: See http://www.slf4j.org/codes.html#StaticLoggerBinder for further details.
2024-03-02 14:37:15,301 [INFO] MainUpdater:2873 - connection check result : 10
2024-03-02 14:37:15,301 [INFO] MainUpdater:2873 - connection check result : 10
2024-03-02 14:37:15,328 [INFO] MicroXplorer:468 - Change Database Path : 
2024-03-02 14:37:15,328 [INFO] MicroXplorer:498 - Change Database Version : DB.6.0.100
2024-03-02 14:37:15,339 [WARN] ThirdParty:871 - waiting for thirdparty lock release [close project]
2024-03-02 14:37:15,339 [INFO] ThirdParty:873 - entering critical section [close project]
2024-03-02 14:37:15,340 [INFO] ThirdParty:883 - exiting critical section [close project]
2024-03-02 14:37:15,343 [INFO] PinOutPanel:1499 - setPackage(No Configuration,No Configuration)
2024-03-02 14:37:15,349 [INFO] UtilMem:75 - Begin LoadConfig() Used Memory: 533937016 Bytes (900726784)
2024-03-02 14:37:15,378 [INFO] MicroXplorer:468 - Change Database Path : 
2024-03-02 14:37:15,378 [INFO] MicroXplorer:498 - Change Database Version : DB.6.0.100
2024-03-02 14:37:15,378 [INFO] OpenFileManager:312 - Change cursor
2024-03-02 14:37:15,502 [INFO] Mcu:2016 - Initializing MCU STM32G431CBUx STM32G431CBUx STM32G431CBU6
2024-03-02 14:37:21,854 [INFO] Context:659 - Trying to add GPIOservice into a context  which must be forbidden
2024-03-02 14:37:23,292 [INFO] ImportTextPane:194 - (OptionalMessage_ERROR) Unable to find key (Mcu.ThirdPartyNb) in loaded IOC file
2024-03-02 14:37:23,293 [INFO] ImportTextPane:194 - (OptionalMessage_ERROR) Unable to find key (Mcu.PinsNb) in loaded IOC file
2024-03-02 14:37:23,293 [INFO] ImportTextPane:194 - (OptionalMessage_ERROR) Unable to find key (Mcu.IPNb) in loaded IOC file
2024-03-02 14:37:23,436 [INFO] RtosManager:555 - Registered RTOS mode: class=CMSIS, group=RTOS, mode=CMSIS_V1, owner=FREERTOS
2024-03-02 14:37:23,436 [INFO] RtosManager:555 - Registered RTOS mode: class=CMSIS, group=RTOS2, mode=CMSIS_V2, owner=FREERTOS
2024-03-02 14:37:23,436 [INFO] RtosManager:555 - Registered RTOS mode: class=RTOS, group=Core, mode=CMSIS_V1, owner=FREERTOS
2024-03-02 14:37:23,436 [INFO] RtosManager:555 - Registered RTOS mode: class=RTOS, group=Core, mode=CMSIS_V2, owner=FREERTOS
2024-03-02 14:37:23,436 [WARN] ModelIntegratedComponent:184 - Missing modes for component STMicroelectronics:FreeRTOS:0.0.1:STMicroelectronics:RTOS:FreeRTOS:Core:::10.2.0:
2024-03-02 14:37:23,468 [WARN] ModelIntegratedComponent:63 - No mode defined for component null
2024-03-02 14:37:23,468 [WARN] ModelIntegratedComponent:63 - No mode defined for component null
2024-03-02 14:37:23,469 [WARN] ModelIntegratedComponent:63 - No mode defined for component null
2024-03-02 14:37:23,469 [WARN] ModelIntegratedComponent:63 - No mode defined for component null
2024-03-02 14:37:23,469 [WARN] ModelIntegratedComponent:63 - No mode defined for component null
2024-03-02 14:37:23,469 [WARN] ModelIntegratedComponent:63 - No mode defined for component null
2024-03-02 14:37:23,469 [WARN] ModelIntegratedComponent:63 - No mode defined for component null
2024-03-02 14:37:23,469 [WARN] ModelIntegratedComponent:63 - No mode defined for component null
2024-03-02 14:37:23,469 [WARN] ModelIntegratedComponent:63 - No mode defined for component null
2024-03-02 14:37:23,469 [WARN] ModelIntegratedComponent:63 - No mode defined for component null
2024-03-02 14:37:23,469 [WARN] ModelIntegratedComponent:63 - No mode defined for component null
2024-03-02 14:37:23,469 [WARN] ModelIntegratedComponent:63 - No mode defined for component null
2024-03-02 14:37:23,469 [WARN] ModelIntegratedComponent:63 - No mode defined for component null
2024-03-02 14:37:23,469 [WARN] ModelIntegratedComponent:63 - No mode defined for component null
2024-03-02 14:37:23,470 [WARN] ModelIntegratedComponent:63 - No mode defined for component null
2024-03-02 14:37:23,470 [WARN] ModelIntegratedComponent:63 - No mode defined for component null
2024-03-02 14:37:23,470 [WARN] ModelIntegratedComponent:63 - No mode defined for component null
2024-03-02 14:37:23,470 [WARN] ModelIntegratedComponent:63 - No mode defined for component null
2024-03-02 14:37:23,470 [WARN] ModelIntegratedComponent:63 - No mode defined for component null
2024-03-02 14:37:23,470 [WARN] ModelIntegratedComponent:63 - No mode defined for component null
2024-03-02 14:37:23,470 [WARN] ModelIntegratedComponent:63 - No mode defined for component null
2024-03-02 14:37:23,470 [WARN] ModelIntegratedComponent:63 - No mode defined for component null
2024-03-02 14:37:23,470 [WARN] ModelIntegratedComponent:63 - No mode defined for component null
2024-03-02 14:37:23,470 [WARN] ModelIntegratedComponent:63 - No mode defined for component null
2024-03-02 14:37:23,470 [WARN] ModelIntegratedComponent:63 - No mode defined for component null
2024-03-02 14:37:23,470 [WARN] ModelIntegratedComponent:63 - No mode defined for component null
2024-03-02 14:37:23,471 [WARN] ModelIntegratedComponent:63 - No mode defined for component null
2024-03-02 14:37:23,471 [WARN] ModelIntegratedComponent:63 - No mode defined for component null
2024-03-02 14:37:23,471 [WARN] ModelIntegratedComponent:63 - No mode defined for component null
2024-03-02 14:37:23,471 [WARN] ModelIntegratedComponent:63 - No mode defined for component null
2024-03-02 14:37:23,471 [WARN] ModelIntegratedComponent:63 - No mode defined for component null
2024-03-02 14:37:23,471 [WARN] ModelIntegratedComponent:63 - No mode defined for component null
2024-03-02 14:37:23,471 [WARN] ModelIntegratedComponent:63 - No mode defined for component null
2024-03-02 14:37:23,713 [INFO] ThirdPartyModel:298 - Start build external matchings
2024-03-02 14:37:24,239 [INFO] ThirdPartyModel:316 - End build external matchings
2024-03-02 14:37:25,215 [INFO] UtilMem:75 - End LoadConfig() Used Memory: 545941000 Bytes (1073741824)
2024-03-02 14:37:25,527 [INFO] MicroXplorer:468 - Change Database Path : 
2024-03-02 14:37:25,527 [INFO] MicroXplorer:498 - Change Database Version : DB.6.0.100
2024-03-02 14:37:25,528 [WARN] ThirdParty:833 - waiting for thirdparty lock release [change project]
2024-03-02 14:37:25,528 [INFO] ThirdParty:835 - entering critical section [change project]
2024-03-02 14:37:25,528 [INFO] ThirdParty:1030 - CMSIS Pack Vendor :STMicroelectronics USBPD 4.1
2024-03-02 14:37:25,528 [INFO] ThirdParty:1030 - CMSIS Pack Vendor :STMicroelectronics X-CUBE-GNSS1 6.0.0
2024-03-02 14:37:25,528 [INFO] ThirdParty:1030 - CMSIS Pack Vendor :STMicroelectronics USB_HOST 2.0.0
2024-03-02 14:37:25,528 [INFO] ThirdParty:1030 - CMSIS Pack Vendor :STMicroelectronics X-CUBE-AZRTOS-F4 1.1.0
2024-03-02 14:37:25,528 [INFO] ThirdParty:1030 - CMSIS Pack Vendor :STMicroelectronics LIBJPEG 8.0.0
2024-03-02 14:37:25,528 [INFO] ThirdParty:1030 - CMSIS Pack Vendor :STMicroelectronics X-CUBE-SMBUS 2.1.0
2024-03-02 14:37:25,528 [INFO] ThirdParty:1030 - CMSIS Pack Vendor :STMicroelectronics USB_DEVICE 3.0.0
2024-03-02 14:37:25,528 [INFO] ThirdParty:1030 - CMSIS Pack Vendor :STMicroelectronics X-CUBE-AZRTOS-WB 2.0.0
2024-03-02 14:37:25,529 [INFO] ThirdParty:1030 - CMSIS Pack Vendor :wolfSSL I-CUBE-wolfSSL 5.6.6
2024-03-02 14:37:25,529 [INFO] ThirdParty:1030 - CMSIS Pack Vendor :STMicroelectronics X-CUBE-TOUCHGFX 4.23.0
2024-03-02 14:37:25,529 [INFO] ThirdParty:1030 - CMSIS Pack Vendor :STMicroelectronics X-CUBE-AZRTOS-F7 1.1.0
2024-03-02 14:37:25,529 [INFO] ThirdParty:1030 - CMSIS Pack Vendor :STMicroelectronics X-CUBE-AZRTOS-L5 2.0.0
2024-03-02 14:37:25,529 [INFO] ThirdParty:1030 - CMSIS Pack Vendor :STMicroelectronics USB_DEVICE 2.0.0
2024-03-02 14:37:25,529 [INFO] ThirdParty:1030 - CMSIS Pack Vendor :ITTIA_DB I-CUBE-ITTIADB 8.8.0
2024-03-02 14:37:25,529 [INFO] ThirdParty:1030 - CMSIS Pack Vendor :STMicroelectronics FP-SNS-MOTENV1 4.3.2
2024-03-02 14:37:25,529 [INFO] ThirdParty:1030 - CMSIS Pack Vendor :STMicroelectronics X-CUBE-ALGOBUILD 1.3.0
2024-03-02 14:37:25,530 [INFO] ThirdParty:1030 - CMSIS Pack Vendor :STMicroelectronics FreeRTOS 0.0.1
2024-03-02 14:37:25,531 [INFO] ThirdParty:1030 - CMSIS Pack Vendor :STMicroelectronics X-CUBE-AZRTOS-G0 1.1.0
2024-03-02 14:37:25,531 [INFO] ThirdParty:1030 - CMSIS Pack Vendor :STMicroelectronics X-CUBE-NFC4 3.0.0
2024-03-02 14:37:25,531 [INFO] ThirdParty:1030 - CMSIS Pack Vendor :STMicroelectronics X-CUBE-SUBG2 5.0.0
2024-03-02 14:37:25,531 [INFO] ThirdParty:1030 - CMSIS Pack Vendor :STMicroelectronics STM32_WPAN 1.0.0
2024-03-02 14:37:25,531 [INFO] ThirdParty:1030 - CMSIS Pack Vendor :STMicroelectronics lwIP 2.0.3
2024-03-02 14:37:25,531 [INFO] ThirdParty:1030 - CMSIS Pack Vendor :STMicroelectronics FP-SNS-FLIGHT1 5.0.2
2024-03-02 14:37:25,531 [INFO] ThirdParty:1030 - CMSIS Pack Vendor :STMicroelectronics USB_HOST 1.0.0
2024-03-02 14:37:25,531 [INFO] ThirdParty:1030 - CMSIS Pack Vendor :STMicroelectronics X-CUBE-AZRTOS-G4 2.0.0
2024-03-02 14:37:25,531 [INFO] ThirdParty:1030 - CMSIS Pack Vendor :STMicroelectronics PDM2PCM 3.1.0
2024-03-02 14:37:25,532 [INFO] ThirdParty:1030 - CMSIS Pack Vendor :Infineon AIROC-Wi-Fi-Bluetooth-STM32 1.5.1
2024-03-02 14:37:25,532 [INFO] ThirdParty:1030 - CMSIS Pack Vendor :STMicroelectronics PDM2PCM 3.3.0
2024-03-02 14:37:25,532 [INFO] ThirdParty:1030 - CMSIS Pack Vendor :STMicroelectronics X-CUBE-DISPLAY 3.0.0
2024-03-02 14:37:25,532 [INFO] ThirdParty:1030 - CMSIS Pack Vendor :STMicroelectronics FP-SNS-MOTENVWB1 1.3.1
2024-03-02 14:37:25,532 [INFO] ThirdParty:1030 - CMSIS Pack Vendor :STMicroelectronics X-CUBE-BLE1 7.0.0
2024-03-02 14:37:25,532 [INFO] ThirdParty:1030 - CMSIS Pack Vendor :STMicroelectronics FP-ATR-SIGFOX1 3.2.0
2024-03-02 14:37:25,532 [INFO] ThirdParty:1030 - CMSIS Pack Vendor :STMicroelectronics X-CUBE-ISPU 2.0.0
2024-03-02 14:37:25,532 [INFO] ThirdParty:1030 - CMSIS Pack Vendor :STMicroelectronics X-CUBE-EEPRMA1 5.1.0
2024-03-02 14:37:25,532 [INFO] ThirdParty:1030 - CMSIS Pack Vendor :STMicroelectronics HAL Drivers 0.0.0
2024-03-02 14:37:25,533 [INFO] ThirdParty:1030 - CMSIS Pack Vendor :STMicroelectronics MBEDTLS 2.16.2
2024-03-02 14:37:25,533 [INFO] ThirdParty:1030 - CMSIS Pack Vendor :emotas I-CUBE-CANOPEN 1.3.0
2024-03-02 14:37:25,533 [INFO] ThirdParty:1030 - CMSIS Pack Vendor :STMicroelectronics X-CUBE-MEMS1 10.0.0
2024-03-02 14:37:25,533 [INFO] ThirdParty:1030 - CMSIS Pack Vendor :STMicroelectronics X-CUBE-FREERTOS 1.1.0
2024-03-02 14:37:25,533 [INFO] ThirdParty:1030 - CMSIS Pack Vendor :STMicroelectronics X-CUBE-NFC7 1.0.1
2024-03-02 14:37:25,533 [INFO] ThirdParty:1030 - CMSIS Pack Vendor :STMicroelectronics MBEDTLS 2.14.1
2024-03-02 14:37:25,533 [INFO] ThirdParty:1030 - CMSIS Pack Vendor :STMicroelectronics X-CUBE-NFC6 3.0.0
2024-03-02 14:37:25,533 [INFO] ThirdParty:1030 - CMSIS Pack Vendor :portGmbH I-Cube-SoM-uGOAL 1.1.0
2024-03-02 14:37:25,533 [INFO] ThirdParty:1030 - CMSIS Pack Vendor :STMicroelectronics X-CUBE-ALS 1.0.1
2024-03-02 14:37:25,533 [INFO] ThirdParty:1030 - CMSIS Pack Vendor :STMicroelectronics X-CUBE-BLEMGR 3.1.0
2024-03-02 14:37:25,533 [INFO] ThirdParty:1030 - CMSIS Pack Vendor :STMicroelectronics ThreadX 1.0.0
2024-03-02 14:37:25,534 [INFO] ThirdParty:1030 - CMSIS Pack Vendor :STMicroelectronics FP-SNS-SMARTAG2 1.2.0
2024-03-02 14:37:25,534 [INFO] ThirdParty:1030 - CMSIS Pack Vendor :STMicroelectronics X-CUBE-AZRTOS-WL 2.0.0
2024-03-02 14:37:25,534 [INFO] ThirdParty:1030 - CMSIS Pack Vendor :SEGGER I-CUBE-embOS 1.3.1
2024-03-02 14:37:25,534 [INFO] ThirdParty:1030 - CMSIS Pack Vendor :STMicroelectronics USB_DEVICE 1.0.0
2024-03-02 14:37:25,534 [INFO] ThirdParty:1030 - CMSIS Pack Vendor :STMicroelectronics X-CUBE-AI 8.1.0
2024-03-02 14:37:25,534 [INFO] ThirdParty:1030 - CMSIS Pack Vendor :STMicroelectronics X-CUBE-AZRTOS-L4 2.0.0
2024-03-02 14:37:25,534 [INFO] ThirdParty:1030 - CMSIS Pack Vendor :STMicroelectronics ThreadX 0.0.2
2024-03-02 14:37:25,534 [INFO] ThirdParty:1030 - CMSIS Pack Vendor :WES I-CUBE-Cesium 1.3.0
2024-03-02 14:37:25,535 [INFO] ThirdParty:1030 - CMSIS Pack Vendor :STMicroelectronics FP-ATR-ASTRA1 2.0.0
2024-03-02 14:37:25,535 [INFO] ThirdParty:1030 - CMSIS Pack Vendor :STMicroelectronics lwIP 2.1.2
2024-03-02 14:37:25,535 [INFO] ThirdParty:1030 - CMSIS Pack Vendor :STMicroelectronics X-CUBE-SFXS2LP1 4.0.0
2024-03-02 14:37:25,535 [INFO] ThirdParty:1030 - CMSIS Pack Vendor :STMicroelectronics X-CUBE-BLE2 3.3.0
2024-03-02 14:37:25,535 [INFO] ThirdParty:1030 - CMSIS Pack Vendor :STMicroelectronics X-CUBE-TOF1 3.4.0
2024-03-02 14:37:25,535 [INFO] ThirdParty:1030 - CMSIS Pack Vendor :STMicroelectronics X-CUBE-AZRTOS-H7 3.2.0
2024-03-02 14:37:25,535 [INFO] ThirdParty:1030 - CMSIS Pack Vendor :STMicroelectronics PDM2PCM 3.2.0
2024-03-02 14:37:25,535 [INFO] ThirdParty:841 - exiting critical section [change project]
2024-03-02 14:37:27,219 [INFO] PinOutPanel:1499 - setPackage(No Configuration,No Configuration)
2024-03-02 14:37:27,221 [INFO] PinOutPanel:1499 - setPackage(STM32G431CBUx,UFQFPN48)
2024-03-02 14:37:28,067 [INFO] UtilMem:75 - Before build in PCC Used Memory: 915690840 Bytes (1073741824)
2024-03-02 14:37:29,572 [INFO] UtilMem:75 - After build in PCC Used Memory: 584792576 Bytes (1073741824)
2024-03-02 14:37:29,631 [INFO] IPUIPlugin:80 - create IPUIPlugin
2024-03-02 14:37:29,632 [INFO] IPUIPlugin:80 - create IPUIPlugin
2024-03-02 14:37:29,632 [INFO] IPUIPlugin:80 - create IPUIPlugin
2024-03-02 14:37:29,632 [INFO] IPUIPlugin:80 - create IPUIPlugin
2024-03-02 14:37:29,632 [INFO] IPUIPlugin:80 - create IPUIPlugin
2024-03-02 14:37:29,632 [INFO] IPUIPlugin:80 - create IPUIPlugin
2024-03-02 14:37:29,633 [INFO] IPUIPlugin:80 - create IPUIPlugin
2024-03-02 14:37:29,633 [INFO] IPUIPlugin:80 - create IPUIPlugin
2024-03-02 14:37:29,634 [INFO] IPUIPlugin:80 - create IPUIPlugin
2024-03-02 14:37:29,634 [INFO] IPUIPlugin:80 - create IPUIPlugin
2024-03-02 14:37:29,634 [INFO] IPUIPlugin:80 - create IPUIPlugin
2024-03-02 14:37:29,634 [INFO] IPUIPlugin:80 - create IPUIPlugin
2024-03-02 14:37:29,635 [INFO] IPUIPlugin:80 - create IPUIPlugin
2024-03-02 14:37:29,635 [INFO] IPUIPlugin:80 - create IPUIPlugin
2024-03-02 14:37:29,636 [INFO] IPUIPlugin:80 - create IPUIPlugin
2024-03-02 14:37:29,636 [INFO] IPUIPlugin:80 - create IPUIPlugin
2024-03-02 14:37:29,636 [INFO] IPUIPlugin:80 - create IPUIPlugin
2024-03-02 14:37:29,637 [INFO] IPUIPlugin:80 - create IPUIPlugin
2024-03-02 14:37:29,637 [INFO] IPUIPlugin:80 - create IPUIPlugin
2024-03-02 14:37:29,637 [INFO] IPUIPlugin:80 - create IPUIPlugin
2024-03-02 14:37:29,638 [INFO] IPUIPlugin:80 - create IPUIPlugin
2024-03-02 14:37:29,638 [INFO] IPUIPlugin:80 - create IPUIPlugin
2024-03-02 14:37:29,638 [INFO] IPUIPlugin:80 - create IPUIPlugin
2024-03-02 14:37:29,639 [INFO] IPUIPlugin:80 - create IPUIPlugin
2024-03-02 14:37:29,639 [INFO] IPUIPlugin:80 - create IPUIPlugin
2024-03-02 14:37:29,640 [INFO] IPUIPlugin:80 - create IPUIPlugin
2024-03-02 14:37:29,640 [INFO] IPUIPlugin:80 - create IPUIPlugin
2024-03-02 14:37:29,640 [INFO] IPUIPlugin:80 - create IPUIPlugin
2024-03-02 14:37:29,641 [INFO] IPUIPlugin:80 - create IPUIPlugin
2024-03-02 14:37:29,641 [INFO] IPUIPlugin:80 - create IPUIPlugin
2024-03-02 14:37:29,642 [INFO] IPUIPlugin:80 - create IPUIPlugin
2024-03-02 14:37:29,642 [INFO] IPUIPlugin:80 - create IPUIPlugin
2024-03-02 14:37:29,643 [INFO] IPUIPlugin:80 - create IPUIPlugin
2024-03-02 14:37:29,643 [INFO] IPUIPlugin:80 - create IPUIPlugin
2024-03-02 14:37:29,643 [INFO] IPUIPlugin:80 - create IPUIPlugin
2024-03-02 14:37:29,644 [INFO] IPUIPlugin:80 - create IPUIPlugin
2024-03-02 14:37:29,644 [INFO] IPUIPlugin:80 - create IPUIPlugin
2024-03-02 14:37:29,645 [INFO] IPUIPlugin:80 - create IPUIPlugin
2024-03-02 14:37:29,645 [INFO] IPUIPlugin:80 - create IPUIPlugin
2024-03-02 14:37:29,646 [INFO] IPUIPlugin:80 - create IPUIPlugin
2024-03-02 14:37:29,646 [INFO] IPUIPlugin:80 - create IPUIPlugin
2024-03-02 14:37:29,647 [INFO] IPUIPlugin:80 - create IPUIPlugin
2024-03-02 14:37:29,647 [INFO] IPUIPlugin:80 - create IPUIPlugin
2024-03-02 14:37:29,648 [INFO] IPUIPlugin:80 - create IPUIPlugin
2024-03-02 14:37:29,648 [INFO] IPUIPlugin:80 - create IPUIPlugin
2024-03-02 14:37:29,649 [INFO] IPUIPlugin:80 - create IPUIPlugin
2024-03-02 14:37:29,649 [INFO] IPUIPlugin:80 - create IPUIPlugin
2024-03-02 14:37:29,650 [INFO] IPUIPlugin:80 - create IPUIPlugin
2024-03-02 14:37:29,651 [INFO] IPUIPlugin:80 - create IPUIPlugin
2024-03-02 14:37:29,652 [INFO] IPUIPlugin:80 - create IPUIPlugin
2024-03-02 14:37:29,653 [INFO] IPUIPlugin:80 - create IPUIPlugin
2024-03-02 14:37:29,653 [INFO] IPUIPlugin:80 - create IPUIPlugin
2024-03-02 14:37:29,654 [INFO] IPUIPlugin:80 - create IPUIPlugin
2024-03-02 14:37:29,655 [INFO] IPUIPlugin:80 - create IPUIPlugin
2024-03-02 14:37:29,656 [INFO] IPUIPlugin:80 - create IPUIPlugin
2024-03-02 14:37:29,657 [INFO] IPUIPlugin:80 - create IPUIPlugin
2024-03-02 14:37:29,658 [INFO] IPUIPlugin:80 - create IPUIPlugin
2024-03-02 14:37:29,893 [INFO] CADModel:165 - CPN selected for project levelSTM32G431CBU6
2024-03-02 14:37:29,894 [INFO] CADModel:114 - Register for checkConnection events
2024-03-02 14:37:29,944 [INFO] OpenFileManager:343 - Restore cursor
2024-03-02 14:37:30,733 [INFO] UtilMem:75 - End SaveConfig() Used Memory: 693723976 Bytes (1073741824)
2024-03-02 14:38:10,168 [INFO] McuFinderGlobals:76 - Set McuFinderConnectedMode to true
2024-03-02 14:38:10,179 [INFO] ApiDb:448 - Save user favorites file C:\Users\Константин/.stm32cubeide/favorites.mcus.txt: 0 item(s)
2024-03-02 14:38:10,181 [INFO] ApiDb:452 - User favorites MCUs=[]
2024-03-02 14:38:44,341 [INFO] CADModel:198 - CPN selected (Project mode): STM32G431CBU6
2024-03-02 14:38:44,342 [INFO] CADModel:200 - Internet connection configuration mode: 1
2024-03-02 14:38:44,342 [INFO] CADModel:203 - rpn retrievedSTM32G431CB
2024-03-02 14:38:44,354 [INFO] WebAppUi:294 - Instantiating new browser for Project
2024-03-02 14:38:44,640 [INFO] WebAppUi:1191 - Register for checkConnection events
2024-03-02 14:38:44,641 [INFO] WebAppUi:1226 - Apply proxy settings
2024-03-02 14:38:44,641 [INFO] WebAppUi:1264 - Chromium requires no authentication
2024-03-02 14:38:44,642 [INFO] WebAppUi:1250 - Direct internet connection detected
2024-03-02 14:38:44,652 [INFO] WebAppUi:320 - Starting web application
2024-03-02 14:38:44,653 [INFO] WebAppUi:1122 - Web application path used C:\ST\STM32CubeIDE_1.14.1\STM32CubeIDE\plugins\com.st.stm32cube.common.mx_6.10.0.202311202037\db\plugins\mcufinder\reactClient\index.html
2024-03-02 14:38:44,705 [INFO] WebAppUi:887 - Path where api_config.json is located C:\Users\Константин\.stmcufinder\plugins\mcufinder//mcu/api_config.json
2024-03-02 14:38:44,705 [INFO] WebAppUi:888 - Setting api config in window object
2024-03-02 14:38:44,751 [WARN] WebAppUi:925 - Cannot access cad_preferences.json
2024-03-02 14:38:44,751 [WARN] WebAppUi:928 - Fallback to default consent
2024-03-02 14:38:44,753 [INFO] WebAppUi:896 - Path where cad_preferences.json is located C:\Users\Константин/.stm32cubeide/
2024-03-02 14:38:44,753 [INFO] WebAppUi:897 - Setting consent info in window object
2024-03-02 14:38:45,897 [INFO] WebAppUi:792 - Allow Downloads
2024-03-02 14:38:45,899 [INFO] WebAppUi:294 - Instantiating new browser for Finder
2024-03-02 14:38:46,203 [INFO] WebAppUi:1191 - Register for checkConnection events
2024-03-02 14:38:46,204 [INFO] WebAppUi:1226 - Apply proxy settings
2024-03-02 14:38:46,204 [INFO] WebAppUi:1264 - Chromium requires no authentication
2024-03-02 14:38:46,205 [INFO] WebAppUi:1250 - Direct internet connection detected
2024-03-02 14:38:46,217 [INFO] WebAppUi:320 - Starting web application
2024-03-02 14:38:46,217 [INFO] WebAppUi:1122 - Web application path used C:\ST\STM32CubeIDE_1.14.1\STM32CubeIDE\plugins\com.st.stm32cube.common.mx_6.10.0.202311202037\db\plugins\mcufinder\reactClient\index.html
2024-03-02 14:38:46,237 [INFO] WebAppUi:887 - Path where api_config.json is located C:\Users\Константин\.stmcufinder\plugins\mcufinder//mcu/api_config.json
2024-03-02 14:38:46,237 [INFO] WebAppUi:888 - Setting api config in window object
2024-03-02 14:38:46,288 [INFO] WebAppUi:896 - Path where cad_preferences.json is located C:\Users\Константин/.stm32cubeide/
2024-03-02 14:38:46,288 [INFO] WebAppUi:897 - Setting consent info in window object
2024-03-02 14:38:46,641 [INFO] WebAppUi:1056 - Web application message: SSO unavailable because of TypeError: Failed to fetch
2024-03-02 14:38:46,643 [INFO] WebAppUi:1056 - Web application message: [UlApiManager component] Connected to Ultra Librarian API
2024-03-02 14:38:47,297 [INFO] WebAppUi:792 - Allow Downloads
2024-03-02 14:38:47,299 [INFO] WebAppUi:613 - RPN selected STM32G431CB
2024-03-02 14:38:47,300 [INFO] WebAppUi:614 - RefName selected STM32G431CBUx
2024-03-02 14:38:47,300 [INFO] WebAppUi:615 - CPN selected STM32G431CBU6
2024-03-02 14:38:47,323 [INFO] WebAppUi:778 - Which Bigleton in use 2 and which CPN is about STM32G431CBU6
2024-03-02 14:38:47,348 [INFO] WebAppUi:652 - Have injected Javascript into web application
2024-03-02 14:38:47,348 [INFO] WebAppUiContainer:153 - Web application run mode: Project CPN: STM32G431CBU6
2024-03-02 14:38:47,391 [INFO] CADModel:198 - CPN selected (Project mode): STM32G431CBU6
2024-03-02 14:38:47,391 [INFO] CADModel:200 - Internet connection configuration mode: 1
2024-03-02 14:38:47,391 [INFO] CADModel:203 - rpn retrievedSTM32G431CB
2024-03-02 14:38:47,391 [INFO] WebAppUi:613 - RPN selected STM32G431CB
2024-03-02 14:38:47,391 [INFO] WebAppUi:614 - RefName selected STM32G431CBUx
2024-03-02 14:38:47,392 [INFO] WebAppUi:615 - CPN selected STM32G431CBU6
2024-03-02 14:38:47,397 [INFO] WebAppUi:778 - Which Bigleton in use 2 and which CPN is about STM32G431CBU6
2024-03-02 14:38:47,401 [INFO] WebAppUi:652 - Have injected Javascript into web application
2024-03-02 14:38:47,402 [INFO] WebAppUiContainer:153 - Web application run mode: Project CPN: STM32G431CBU6
2024-03-02 14:38:47,733 [INFO] WebAppUi:1056 - Web application message: SSO unavailable because of TypeError: Failed to fetch
2024-03-02 14:38:47,735 [INFO] WebAppUi:1056 - Web application message: [UlApiManager component] Connected to Ultra Librarian API
2024-03-02 14:38:48,340 [INFO] WebAppUi:1056 - Web application message: No network connection
2024-03-02 14:38:48,351 [INFO] WebAppUi:1056 - Web application message: Cannot get data because API not available
2024-03-02 14:38:49,019 [INFO] WebAppUi:1056 - Web application message: No network connection
2024-03-02 14:38:49,023 [INFO] WebAppUi:1056 - Web application message: Cannot get data because API not available
2024-03-02 14:47:27,311 [INFO] MainUpdater:2873 - connection check result : 10
2024-03-02 14:47:27,311 [INFO] MainUpdater:2873 - connection check result : 10
2024-03-02 14:47:28,040 [INFO] MicroXplorer:468 - Change Database Path : 
2024-03-02 14:47:28,040 [INFO] MicroXplorer:498 - Change Database Version : DB.6.0.100
2024-03-02 14:47:28,079 [ERROR] ProjectManagerView:394 - 
java.lang.NullPointerException: Cannot invoke "javax.swing.JTextField.getText()" because the return value of "java.util.List.get(int)" is null
	at com.st.microxplorer.plugins.projectmanager.gui.ProjectChoiceTab$10.caretUpdate(ProjectChoiceTab.java:2493) ~[filemanager.jar:?]
	at javax.swing.text.JTextComponent.fireCaretUpdate(JTextComponent.java:412) ~[?:?]
	at javax.swing.text.JTextComponent$MutableCaretEvent.fire(JTextComponent.java:4491) ~[?:?]
	at javax.swing.text.JTextComponent$MutableCaretEvent.stateChanged(JTextComponent.java:4513) ~[?:?]
	at javax.swing.text.DefaultCaret.fireStateChanged(DefaultCaret.java:842) ~[?:?]
	at javax.swing.text.DefaultCaret.changeCaretPosition(DefaultCaret.java:1313) ~[?:?]
	at javax.swing.text.DefaultCaret.handleSetDot(DefaultCaret.java:1212) ~[?:?]
	at javax.swing.text.DefaultCaret.setDot(DefaultCaret.java:1193) ~[?:?]
	at javax.swing.text.DefaultCaret$Handler.insertUpdate(DefaultCaret.java:1789) ~[?:?]
	at javax.swing.text.AbstractDocument.fireInsertUpdate(AbstractDocument.java:226) ~[?:?]
	at javax.swing.text.AbstractDocument.handleInsertString(AbstractDocument.java:780) ~[?:?]
	at javax.swing.text.AbstractDocument.insertString(AbstractDocument.java:739) ~[?:?]
	at javax.swing.text.PlainDocument.insertString(PlainDocument.java:131) ~[?:?]
	at javax.swing.text.AbstractDocument.replace(AbstractDocument.java:698) ~[?:?]
	at javax.swing.text.JTextComponent.setText(JTextComponent.java:1729) ~[?:?]
	at com.st.microxplorer.plugins.projectmanager.gui.ProjectChoiceTab.createHeapStackFields(ProjectChoiceTab.java:933) ~[filemanager.jar:?]
	at com.st.microxplorer.plugins.projectmanager.gui.ProjectChoiceTab.buildLinkSettingsPanel(ProjectChoiceTab.java:3426) ~[filemanager.jar:?]
	at com.st.microxplorer.plugins.projectmanager.gui.ProjectChoiceTab.defineWindowsFields(ProjectChoiceTab.java:1813) ~[filemanager.jar:?]
	at com.st.microxplorer.plugins.projectmanager.gui.ProjectChoiceTab.updateSettings(ProjectChoiceTab.java:533) ~[filemanager.jar:?]
	at com.st.microxplorer.plugins.projectmanager.gui.ProjectSettingsPanel.UpdateDialog(ProjectSettingsPanel.java:244) ~[filemanager.jar:?]
	at com.st.microxplorer.plugins.projectmanager.ProjectManagerView.propertyChange(ProjectManagerView.java:391) ~[filemanager.jar:?]
	at java.beans.PropertyChangeSupport.fire(PropertyChangeSupport.java:343) ~[?:?]
	at java.beans.PropertyChangeSupport.firePropertyChange(PropertyChangeSupport.java:335) ~[?:?]
	at java.beans.PropertyChangeSupport.firePropertyChange(PropertyChangeSupport.java:268) ~[?:?]
	at com.st.microxplorer.util.MXPropertyChangeSupport.firePropertyChange(MXPropertyChangeSupport.java:54) ~[STM32CubeMX.jar:?]
	at com.st.microxplorer.mxsystem.MxSystem.closeConfig(MxSystem.java:900) ~[STM32CubeMX.jar:?]
	at com.st.microxplorer.maingui.MainPanel.closeConfig(MainPanel.java:776) ~[STM32CubeMX.jar:?]
	at com.st.microxplorer.plugins.filemanager.engine.OpenFileManager.loadConfigurationFile(OpenFileManager.java:245) ~[filemanager.jar:?]
	at com.st.microxplorer.plugins.filemanager.engine.MainFileManager.userLoadConfig(MainFileManager.java:290) ~[filemanager.jar:?]
	at com.st.microxplorer.plugins.filemanager.FileManagerView.getSpecificTask(FileManagerView.java:247) ~[filemanager.jar:?]
	at com.st.stm32cube.common.mx.editor.CubeMxEditor.getMxTabbedPaneInstance(CubeMxEditor.java:1184) ~[com.st.stm32cube.common.mx_6.10.0.202311202037/:?]
	at com.st.stm32cube.common.mx.editor.CubeMxEditor$12$1.createSwingComponent(CubeMxEditor.java:1065) ~[com.st.stm32cube.common.mx_6.10.0.202311202037/:?]
	at com.st.stm32cube.common.mx.oss.core.awtswtbridge.EmbeddedSwingComposite.doComponentCreation(EmbeddedSwingComposite.java:492) ~[com.st.stm32cube.common.mx.oss_6.10.0.202311202037/:?]
	at com.st.stm32cube.common.mx.oss.core.awtswtbridge.EmbeddedSwingComposite$4.run(EmbeddedSwingComposite.java:291) ~[com.st.stm32cube.common.mx.oss_6.10.0.202311202037/:?]
	at com.st.stm32cube.common.mx.oss.core.awtswtbridge.AwtEnvironment$2.run(AwtEnvironment.java:166) ~[com.st.stm32cube.common.mx.oss_6.10.0.202311202037/:?]
	at java.awt.event.InvocationEvent.dispatch(InvocationEvent.java:318) ~[?:?]
	at java.awt.EventQueue.dispatchEventImpl(EventQueue.java:773) ~[?:?]
	at java.awt.EventQueue$4.run(EventQueue.java:720) ~[?:?]
	at java.awt.EventQueue$4.run(EventQueue.java:714) ~[?:?]
	at java.security.AccessController.doPrivileged(AccessController.java:399) ~[?:?]
	at java.security.ProtectionDomain$JavaSecurityAccessImpl.doIntersectionPrivilege(ProtectionDomain.java:86) ~[?:?]
	at java.awt.EventQueue.dispatchEvent(EventQueue.java:742) ~[?:?]
	at java.awt.EventDispatchThread.pumpOneEventForFilters(EventDispatchThread.java:203) ~[?:?]
	at java.awt.EventDispatchThread.pumpEventsForFilter(EventDispatchThread.java:124) ~[?:?]
	at java.awt.EventDispatchThread.pumpEventsForHierarchy(EventDispatchThread.java:113) ~[?:?]
	at java.awt.EventDispatchThread.pumpEvents(EventDispatchThread.java:109) ~[?:?]
	at java.awt.EventDispatchThread.pumpEvents(EventDispatchThread.java:101) ~[?:?]
	at java.awt.EventDispatchThread.run(EventDispatchThread.java:90) ~[?:?]
2024-03-02 14:47:28,098 [WARN] ThirdParty:871 - waiting for thirdparty lock release [close project]
2024-03-02 14:47:28,099 [INFO] ThirdParty:873 - entering critical section [close project]
2024-03-02 14:47:28,099 [INFO] ThirdParty:883 - exiting critical section [close project]
2024-03-02 14:47:28,104 [INFO] PinOutPanel:1499 - setPackage(No Configuration,No Configuration)
2024-03-02 14:47:28,126 [INFO] UtilMem:75 - Begin LoadConfig() Used Memory: 881192136 Bytes (1073741824)
2024-03-02 14:47:28,127 [INFO] MicroXplorer:468 - Change Database Path : 
2024-03-02 14:47:28,128 [INFO] MicroXplorer:498 - Change Database Version : DB.6.0.100
2024-03-02 14:47:28,128 [INFO] OpenFileManager:312 - Change cursor
2024-03-02 14:47:28,174 [INFO] RulesReader:64 - Compatibility file has been processed (297 Rules)
2024-03-02 14:47:28,180 [INFO] Mcu:2016 - Initializing MCU STM32G431C(6-8-B)Ux STM32G431CBUx STM32G431CBU6
2024-03-02 14:47:33,114 [INFO] Context:659 - Trying to add GPIOservice into a context  which must be forbidden
2024-03-02 14:47:34,163 [INFO] RtosManager:555 - Registered RTOS mode: class=CMSIS, group=RTOS, mode=CMSIS_V1, owner=FREERTOS
2024-03-02 14:47:34,163 [INFO] RtosManager:555 - Registered RTOS mode: class=CMSIS, group=RTOS2, mode=CMSIS_V2, owner=FREERTOS
2024-03-02 14:47:34,163 [INFO] RtosManager:555 - Registered RTOS mode: class=RTOS, group=Core, mode=CMSIS_V1, owner=FREERTOS
2024-03-02 14:47:34,163 [INFO] RtosManager:555 - Registered RTOS mode: class=RTOS, group=Core, mode=CMSIS_V2, owner=FREERTOS
2024-03-02 14:47:34,163 [WARN] ModelIntegratedComponent:184 - Missing modes for component STMicroelectronics:FreeRTOS:0.0.1:STMicroelectronics:RTOS:FreeRTOS:Core:::10.2.0:
2024-03-02 14:47:34,177 [WARN] ModelIntegratedComponent:63 - No mode defined for component null
2024-03-02 14:47:34,177 [WARN] ModelIntegratedComponent:63 - No mode defined for component null
2024-03-02 14:47:34,177 [WARN] ModelIntegratedComponent:63 - No mode defined for component null
2024-03-02 14:47:34,177 [WARN] ModelIntegratedComponent:63 - No mode defined for component null
2024-03-02 14:47:34,177 [WARN] ModelIntegratedComponent:63 - No mode defined for component null
2024-03-02 14:47:34,177 [WARN] ModelIntegratedComponent:63 - No mode defined for component null
2024-03-02 14:47:34,178 [WARN] ModelIntegratedComponent:63 - No mode defined for component null
2024-03-02 14:47:34,178 [WARN] ModelIntegratedComponent:63 - No mode defined for component null
2024-03-02 14:47:34,178 [WARN] ModelIntegratedComponent:63 - No mode defined for component null
2024-03-02 14:47:34,178 [WARN] ModelIntegratedComponent:63 - No mode defined for component null
2024-03-02 14:47:34,178 [WARN] ModelIntegratedComponent:63 - No mode defined for component null
2024-03-02 14:47:34,178 [WARN] ModelIntegratedComponent:63 - No mode defined for component null
2024-03-02 14:47:34,178 [WARN] ModelIntegratedComponent:63 - No mode defined for component null
2024-03-02 14:47:34,178 [WARN] ModelIntegratedComponent:63 - No mode defined for component null
2024-03-02 14:47:34,178 [WARN] ModelIntegratedComponent:63 - No mode defined for component null
2024-03-02 14:47:34,178 [WARN] ModelIntegratedComponent:63 - No mode defined for component null
2024-03-02 14:47:34,178 [WARN] ModelIntegratedComponent:63 - No mode defined for component null
2024-03-02 14:47:34,178 [WARN] ModelIntegratedComponent:63 - No mode defined for component null
2024-03-02 14:47:34,179 [WARN] ModelIntegratedComponent:63 - No mode defined for component null
2024-03-02 14:47:34,179 [WARN] ModelIntegratedComponent:63 - No mode defined for component null
2024-03-02 14:47:34,179 [WARN] ModelIntegratedComponent:63 - No mode defined for component null
2024-03-02 14:47:34,179 [WARN] ModelIntegratedComponent:63 - No mode defined for component null
2024-03-02 14:47:34,179 [WARN] ModelIntegratedComponent:63 - No mode defined for component null
2024-03-02 14:47:34,179 [WARN] ModelIntegratedComponent:63 - No mode defined for component null
2024-03-02 14:47:34,179 [WARN] ModelIntegratedComponent:63 - No mode defined for component null
2024-03-02 14:47:34,179 [WARN] ModelIntegratedComponent:63 - No mode defined for component null
2024-03-02 14:47:34,179 [WARN] ModelIntegratedComponent:63 - No mode defined for component null
2024-03-02 14:47:34,179 [WARN] ModelIntegratedComponent:63 - No mode defined for component null
2024-03-02 14:47:34,179 [WARN] ModelIntegratedComponent:63 - No mode defined for component null
2024-03-02 14:47:34,179 [WARN] ModelIntegratedComponent:63 - No mode defined for component null
2024-03-02 14:47:34,180 [WARN] ModelIntegratedComponent:63 - No mode defined for component null
2024-03-02 14:47:34,180 [WARN] ModelIntegratedComponent:63 - No mode defined for component null
2024-03-02 14:47:34,180 [WARN] ModelIntegratedComponent:63 - No mode defined for component null
2024-03-02 14:47:34,377 [INFO] ThirdPartyModel:298 - Start build external matchings
2024-03-02 14:47:34,935 [INFO] ThirdPartyModel:316 - End build external matchings
2024-03-02 14:47:35,566 [INFO] UtilMem:75 - End LoadConfig() Used Memory: 379512104 Bytes (1073741824)
2024-03-02 14:47:35,609 [INFO] MicroXplorer:468 - Change Database Path : 
2024-03-02 14:47:35,609 [INFO] MicroXplorer:498 - Change Database Version : DB.6.0.100
2024-03-02 14:47:35,610 [WARN] ThirdParty:833 - waiting for thirdparty lock release [change project]
2024-03-02 14:47:35,610 [INFO] ThirdParty:835 - entering critical section [change project]
2024-03-02 14:47:35,610 [INFO] ThirdParty:1030 - CMSIS Pack Vendor :STMicroelectronics USBPD 4.1
2024-03-02 14:47:35,611 [INFO] ThirdParty:1030 - CMSIS Pack Vendor :STMicroelectronics X-CUBE-GNSS1 6.0.0
2024-03-02 14:47:35,611 [INFO] ThirdParty:1030 - CMSIS Pack Vendor :STMicroelectronics USB_HOST 2.0.0
2024-03-02 14:47:35,611 [INFO] ThirdParty:1030 - CMSIS Pack Vendor :STMicroelectronics X-CUBE-AZRTOS-F4 1.1.0
2024-03-02 14:47:35,611 [INFO] ThirdParty:1030 - CMSIS Pack Vendor :STMicroelectronics LIBJPEG 8.0.0
2024-03-02 14:47:35,611 [INFO] ThirdParty:1030 - CMSIS Pack Vendor :STMicroelectronics X-CUBE-SMBUS 2.1.0
2024-03-02 14:47:35,611 [INFO] ThirdParty:1030 - CMSIS Pack Vendor :STMicroelectronics USB_DEVICE 3.0.0
2024-03-02 14:47:35,611 [INFO] ThirdParty:1030 - CMSIS Pack Vendor :STMicroelectronics X-CUBE-AZRTOS-WB 2.0.0
2024-03-02 14:47:35,611 [INFO] ThirdParty:1030 - CMSIS Pack Vendor :wolfSSL I-CUBE-wolfSSL 5.6.6
2024-03-02 14:47:35,611 [INFO] ThirdParty:1030 - CMSIS Pack Vendor :STMicroelectronics X-CUBE-TOUCHGFX 4.23.0
2024-03-02 14:47:35,611 [INFO] ThirdParty:1030 - CMSIS Pack Vendor :STMicroelectronics X-CUBE-AZRTOS-F7 1.1.0
2024-03-02 14:47:35,611 [INFO] ThirdParty:1030 - CMSIS Pack Vendor :STMicroelectronics X-CUBE-AZRTOS-L5 2.0.0
2024-03-02 14:47:35,612 [INFO] ThirdParty:1030 - CMSIS Pack Vendor :STMicroelectronics USB_DEVICE 2.0.0
2024-03-02 14:47:35,612 [INFO] ThirdParty:1030 - CMSIS Pack Vendor :ITTIA_DB I-CUBE-ITTIADB 8.8.0
2024-03-02 14:47:35,612 [INFO] ThirdParty:1030 - CMSIS Pack Vendor :STMicroelectronics FP-SNS-MOTENV1 4.3.2
2024-03-02 14:47:35,612 [INFO] ThirdParty:1030 - CMSIS Pack Vendor :STMicroelectronics X-CUBE-ALGOBUILD 1.3.0
2024-03-02 14:47:35,612 [INFO] ThirdParty:1030 - CMSIS Pack Vendor :STMicroelectronics FreeRTOS 0.0.1
2024-03-02 14:47:35,612 [INFO] ThirdParty:1030 - CMSIS Pack Vendor :STMicroelectronics X-CUBE-AZRTOS-G0 1.1.0
2024-03-02 14:47:35,612 [INFO] ThirdParty:1030 - CMSIS Pack Vendor :STMicroelectronics X-CUBE-NFC4 3.0.0
2024-03-02 14:47:35,612 [INFO] ThirdParty:1030 - CMSIS Pack Vendor :STMicroelectronics X-CUBE-SUBG2 5.0.0
2024-03-02 14:47:35,612 [INFO] ThirdParty:1030 - CMSIS Pack Vendor :STMicroelectronics STM32_WPAN 1.0.0
2024-03-02 14:47:35,612 [INFO] ThirdParty:1030 - CMSIS Pack Vendor :STMicroelectronics lwIP 2.0.3
2024-03-02 14:47:35,612 [INFO] ThirdParty:1030 - CMSIS Pack Vendor :STMicroelectronics FP-SNS-FLIGHT1 5.0.2
2024-03-02 14:47:35,612 [INFO] ThirdParty:1030 - CMSIS Pack Vendor :STMicroelectronics USB_HOST 1.0.0
2024-03-02 14:47:35,612 [INFO] ThirdParty:1030 - CMSIS Pack Vendor :STMicroelectronics X-CUBE-AZRTOS-G4 2.0.0
2024-03-02 14:47:35,613 [INFO] ThirdParty:1030 - CMSIS Pack Vendor :STMicroelectronics PDM2PCM 3.1.0
2024-03-02 14:47:35,613 [INFO] ThirdParty:1030 - CMSIS Pack Vendor :Infineon AIROC-Wi-Fi-Bluetooth-STM32 1.5.1
2024-03-02 14:47:35,613 [INFO] ThirdParty:1030 - CMSIS Pack Vendor :STMicroelectronics PDM2PCM 3.3.0
2024-03-02 14:47:35,613 [INFO] ThirdParty:1030 - CMSIS Pack Vendor :STMicroelectronics X-CUBE-DISPLAY 3.0.0
2024-03-02 14:47:35,613 [INFO] ThirdParty:1030 - CMSIS Pack Vendor :STMicroelectronics FP-SNS-MOTENVWB1 1.3.1
2024-03-02 14:47:35,613 [INFO] ThirdParty:1030 - CMSIS Pack Vendor :STMicroelectronics X-CUBE-BLE1 7.0.0
2024-03-02 14:47:35,613 [INFO] ThirdParty:1030 - CMSIS Pack Vendor :STMicroelectronics FP-ATR-SIGFOX1 3.2.0
2024-03-02 14:47:35,613 [INFO] ThirdParty:1030 - CMSIS Pack Vendor :STMicroelectronics X-CUBE-ISPU 2.0.0
2024-03-02 14:47:35,613 [INFO] ThirdParty:1030 - CMSIS Pack Vendor :STMicroelectronics X-CUBE-EEPRMA1 5.1.0
2024-03-02 14:47:35,613 [INFO] ThirdParty:1030 - CMSIS Pack Vendor :STMicroelectronics HAL Drivers 0.0.0
2024-03-02 14:47:35,613 [INFO] ThirdParty:1030 - CMSIS Pack Vendor :STMicroelectronics MBEDTLS 2.16.2
2024-03-02 14:47:35,613 [INFO] ThirdParty:1030 - CMSIS Pack Vendor :emotas I-CUBE-CANOPEN 1.3.0
2024-03-02 14:47:35,613 [INFO] ThirdParty:1030 - CMSIS Pack Vendor :STMicroelectronics X-CUBE-MEMS1 10.0.0
2024-03-02 14:47:35,614 [INFO] ThirdParty:1030 - CMSIS Pack Vendor :STMicroelectronics X-CUBE-FREERTOS 1.1.0
2024-03-02 14:47:35,614 [INFO] ThirdParty:1030 - CMSIS Pack Vendor :STMicroelectronics X-CUBE-NFC7 1.0.1
2024-03-02 14:47:35,614 [INFO] ThirdParty:1030 - CMSIS Pack Vendor :STMicroelectronics MBEDTLS 2.14.1
2024-03-02 14:47:35,614 [INFO] ThirdParty:1030 - CMSIS Pack Vendor :STMicroelectronics X-CUBE-NFC6 3.0.0
2024-03-02 14:47:35,614 [INFO] ThirdParty:1030 - CMSIS Pack Vendor :portGmbH I-Cube-SoM-uGOAL 1.1.0
2024-03-02 14:47:35,614 [INFO] ThirdParty:1030 - CMSIS Pack Vendor :STMicroelectronics X-CUBE-ALS 1.0.1
2024-03-02 14:47:35,614 [INFO] ThirdParty:1030 - CMSIS Pack Vendor :STMicroelectronics X-CUBE-BLEMGR 3.1.0
2024-03-02 14:47:35,615 [INFO] ThirdParty:1030 - CMSIS Pack Vendor :STMicroelectronics ThreadX 1.0.0
2024-03-02 14:47:35,615 [INFO] ThirdParty:1030 - CMSIS Pack Vendor :STMicroelectronics FP-SNS-SMARTAG2 1.2.0
2024-03-02 14:47:35,615 [INFO] ThirdParty:1030 - CMSIS Pack Vendor :STMicroelectronics X-CUBE-AZRTOS-WL 2.0.0
2024-03-02 14:47:35,615 [INFO] ThirdParty:1030 - CMSIS Pack Vendor :SEGGER I-CUBE-embOS 1.3.1
2024-03-02 14:47:35,615 [INFO] ThirdParty:1030 - CMSIS Pack Vendor :STMicroelectronics USB_DEVICE 1.0.0
2024-03-02 14:47:35,615 [INFO] ThirdParty:1030 - CMSIS Pack Vendor :STMicroelectronics X-CUBE-AI 8.1.0
2024-03-02 14:47:35,615 [INFO] ThirdParty:1030 - CMSIS Pack Vendor :STMicroelectronics X-CUBE-AZRTOS-L4 2.0.0
2024-03-02 14:47:35,615 [INFO] ThirdParty:1030 - CMSIS Pack Vendor :STMicroelectronics ThreadX 0.0.2
2024-03-02 14:47:35,615 [INFO] ThirdParty:1030 - CMSIS Pack Vendor :WES I-CUBE-Cesium 1.3.0
2024-03-02 14:47:35,615 [INFO] ThirdParty:1030 - CMSIS Pack Vendor :STMicroelectronics FP-ATR-ASTRA1 2.0.0
2024-03-02 14:47:35,615 [INFO] ThirdParty:1030 - CMSIS Pack Vendor :STMicroelectronics lwIP 2.1.2
2024-03-02 14:47:35,615 [INFO] ThirdParty:1030 - CMSIS Pack Vendor :STMicroelectronics X-CUBE-SFXS2LP1 4.0.0
2024-03-02 14:47:35,615 [INFO] ThirdParty:1030 - CMSIS Pack Vendor :STMicroelectronics X-CUBE-BLE2 3.3.0
2024-03-02 14:47:35,615 [INFO] ThirdParty:1030 - CMSIS Pack Vendor :STMicroelectronics X-CUBE-TOF1 3.4.0
2024-03-02 14:47:35,616 [INFO] ThirdParty:1030 - CMSIS Pack Vendor :STMicroelectronics X-CUBE-AZRTOS-H7 3.2.0
2024-03-02 14:47:35,616 [INFO] ThirdParty:1030 - CMSIS Pack Vendor :STMicroelectronics PDM2PCM 3.2.0
2024-03-02 14:47:35,616 [INFO] ThirdParty:841 - exiting critical section [change project]
2024-03-02 14:47:36,225 [INFO] PinOutPanel:1499 - setPackage(No Configuration,No Configuration)
2024-03-02 14:47:36,227 [INFO] PinOutPanel:1499 - setPackage(STM32G431CBUx,UFQFPN48)
2024-03-02 14:47:36,532 [INFO] UtilMem:75 - Before build in PCC Used Memory: 542130744 Bytes (1073741824)
2024-03-02 14:47:37,019 [INFO] UtilMem:75 - After build in PCC Used Memory: 633879096 Bytes (1073741824)
2024-03-02 14:47:37,063 [INFO] IPUIPlugin:80 - create IPUIPlugin
2024-03-02 14:47:37,063 [INFO] IPUIPlugin:80 - create IPUIPlugin
2024-03-02 14:47:37,064 [INFO] IPUIPlugin:80 - create IPUIPlugin
2024-03-02 14:47:37,064 [INFO] IPUIPlugin:80 - create IPUIPlugin
2024-03-02 14:47:37,064 [INFO] IPUIPlugin:80 - create IPUIPlugin
2024-03-02 14:47:37,064 [INFO] IPUIPlugin:80 - create IPUIPlugin
2024-03-02 14:47:37,064 [INFO] IPUIPlugin:80 - create IPUIPlugin
2024-03-02 14:47:37,064 [INFO] IPUIPlugin:80 - create IPUIPlugin
2024-03-02 14:47:37,065 [INFO] IPUIPlugin:80 - create IPUIPlugin
2024-03-02 14:47:37,065 [INFO] IPUIPlugin:80 - create IPUIPlugin
2024-03-02 14:47:37,065 [INFO] IPUIPlugin:80 - create IPUIPlugin
2024-03-02 14:47:37,065 [INFO] IPUIPlugin:80 - create IPUIPlugin
2024-03-02 14:47:37,066 [INFO] IPUIPlugin:80 - create IPUIPlugin
2024-03-02 14:47:37,066 [INFO] IPUIPlugin:80 - create IPUIPlugin
2024-03-02 14:47:37,066 [INFO] IPUIPlugin:80 - create IPUIPlugin
2024-03-02 14:47:37,066 [INFO] IPUIPlugin:80 - create IPUIPlugin
2024-03-02 14:47:37,067 [INFO] IPUIPlugin:80 - create IPUIPlugin
2024-03-02 14:47:37,067 [INFO] IPUIPlugin:80 - create IPUIPlugin
2024-03-02 14:47:37,067 [INFO] IPUIPlugin:80 - create IPUIPlugin
2024-03-02 14:47:37,067 [INFO] IPUIPlugin:80 - create IPUIPlugin
2024-03-02 14:47:37,068 [INFO] IPUIPlugin:80 - create IPUIPlugin
2024-03-02 14:47:37,068 [INFO] IPUIPlugin:80 - create IPUIPlugin
2024-03-02 14:47:37,068 [INFO] IPUIPlugin:80 - create IPUIPlugin
2024-03-02 14:47:37,069 [INFO] IPUIPlugin:80 - create IPUIPlugin
2024-03-02 14:47:37,069 [INFO] IPUIPlugin:80 - create IPUIPlugin
2024-03-02 14:47:37,070 [INFO] IPUIPlugin:80 - create IPUIPlugin
2024-03-02 14:47:37,070 [INFO] IPUIPlugin:80 - create IPUIPlugin
2024-03-02 14:47:37,071 [INFO] IPUIPlugin:80 - create IPUIPlugin
2024-03-02 14:47:37,072 [INFO] IPUIPlugin:80 - create IPUIPlugin
2024-03-02 14:47:37,072 [INFO] IPUIPlugin:80 - create IPUIPlugin
2024-03-02 14:47:37,073 [INFO] IPUIPlugin:80 - create IPUIPlugin
2024-03-02 14:47:37,074 [INFO] IPUIPlugin:80 - create IPUIPlugin
2024-03-02 14:47:37,074 [INFO] IPUIPlugin:80 - create IPUIPlugin
2024-03-02 14:47:37,075 [INFO] IPUIPlugin:80 - create IPUIPlugin
2024-03-02 14:47:37,075 [INFO] IPUIPlugin:80 - create IPUIPlugin
2024-03-02 14:47:37,076 [INFO] IPUIPlugin:80 - create IPUIPlugin
2024-03-02 14:47:37,076 [INFO] IPUIPlugin:80 - create IPUIPlugin
2024-03-02 14:47:37,077 [INFO] IPUIPlugin:80 - create IPUIPlugin
2024-03-02 14:47:37,077 [INFO] IPUIPlugin:80 - create IPUIPlugin
2024-03-02 14:47:37,078 [INFO] IPUIPlugin:80 - create IPUIPlugin
2024-03-02 14:47:37,078 [INFO] IPUIPlugin:80 - create IPUIPlugin
2024-03-02 14:47:37,079 [INFO] IPUIPlugin:80 - create IPUIPlugin
2024-03-02 14:47:37,079 [INFO] IPUIPlugin:80 - create IPUIPlugin
2024-03-02 14:47:37,080 [INFO] IPUIPlugin:80 - create IPUIPlugin
2024-03-02 14:47:37,080 [INFO] IPUIPlugin:80 - create IPUIPlugin
2024-03-02 14:47:37,081 [INFO] IPUIPlugin:80 - create IPUIPlugin
2024-03-02 14:47:37,082 [INFO] IPUIPlugin:80 - create IPUIPlugin
2024-03-02 14:47:37,082 [INFO] IPUIPlugin:80 - create IPUIPlugin
2024-03-02 14:47:37,083 [INFO] IPUIPlugin:80 - create IPUIPlugin
2024-03-02 14:47:37,084 [INFO] IPUIPlugin:80 - create IPUIPlugin
2024-03-02 14:47:37,084 [INFO] IPUIPlugin:80 - create IPUIPlugin
2024-03-02 14:47:37,085 [INFO] IPUIPlugin:80 - create IPUIPlugin
2024-03-02 14:47:37,086 [INFO] IPUIPlugin:80 - create IPUIPlugin
2024-03-02 14:47:37,087 [INFO] IPUIPlugin:80 - create IPUIPlugin
2024-03-02 14:47:37,089 [INFO] IPUIPlugin:80 - create IPUIPlugin
2024-03-02 14:47:37,093 [INFO] IPUIPlugin:80 - create IPUIPlugin
2024-03-02 14:47:37,094 [INFO] IPUIPlugin:80 - create IPUIPlugin
2024-03-02 14:47:37,136 [INFO] CADModel:165 - CPN selected for project levelSTM32G431CBU6
2024-03-02 14:47:37,136 [INFO] CADModel:114 - Register for checkConnection events
2024-03-02 14:47:37,210 [INFO] OpenFileManager:343 - Restore cursor
2024-03-02 14:49:53,873 [INFO] WebAppUi:1056 - Web application message: [UlApiManager component] Connecting to SSO
2024-03-02 14:49:53,881 [INFO] WebAppUi:1056 - Web application message: [UlApiManager component] Connecting to SSO
2024-03-02 14:49:53,889 [INFO] WebAppUi:1056 - Web application message: Reloading CAD
2024-03-02 14:49:54,516 [INFO] WebAppUi:1056 - Web application message: SSO unavailable because of TypeError: Failed to fetch
2024-03-02 14:49:54,528 [INFO] WebAppUi:1056 - Web application message: [UlApiManager component] Connected to Ultra Librarian API
2024-03-02 14:49:54,592 [INFO] WebAppUi:1056 - Web application message: SSO unavailable because of TypeError: Failed to fetch
2024-03-02 14:49:54,598 [INFO] WebAppUi:1056 - Web application message: [UlApiManager component] Connected to Ultra Librarian API
2024-03-02 14:49:55,286 [INFO] WebAppUi:1056 - Web application message: No network connection
2024-03-02 14:49:55,291 [INFO] WebAppUi:1056 - Web application message: Cannot get data because API not available
